[2017-12-28 21:48:049] INFO  (AppInitializer.java:53) - clear cached depth data
[2017-12-28 21:48:049] INFO  (AppInitializer.java:57) - load latest deal price from db
[2017-12-28 21:48:049] INFO  (AppInitializer.java:59) - load entrust from db
[2017-12-28 21:48:049] INFO  (AppInitializer.java:61) - load entrust log from db
[2017-12-28 21:48:049] INFO  (AppInitializer.java:63) - send entrust to message center size 3
[2017-12-28 21:48:049] DEBUG (MessageCenter.java:68) - onMessage FentrustData{fid=520, fleftCount=100.0, fprize=3.0, fviFid=14, fentrustType=1, deep=null, fstatus=1, robotStatus=0}
[2017-12-28 21:48:049] DEBUG (MessageCenter.java:71) - new 14 system
[2017-12-28 21:48:049] DEBUG (MessageCenter.java:68) - onMessage FentrustData{fid=521, fleftCount=1000.0, fprize=4.0, fviFid=14, fentrustType=1, deep=null, fstatus=1, robotStatus=0}
[2017-12-28 21:48:049] DEBUG (MessageCenter.java:68) - onMessage FentrustData{fid=571, fleftCount=200.0, fprize=0.2, fviFid=12, fentrustType=1, deep=null, fstatus=1, robotStatus=0}
[2017-12-28 21:48:049] DEBUG (MessageCenter.java:71) - new 12 system
[2017-12-28 21:48:049] INFO  (AppServer.java:59) - app server started 2116 ms
[2017-12-28 21:48:050] DEBUG (MessageCenter.java:68) - onMessage FentrustData{fid=392, fleftCount=5.0, fprize=2.0, fviFid=11, fentrustType=0, deep=null, fstatus=1, robotStatus=0}
[2017-12-28 21:48:050] DEBUG (MessageCenter.java:71) - new 11 system
[2017-12-28 21:48:050] DEBUG (MessageCenter.java:68) - onMessage FentrustData{fid=393, fleftCount=1.0, fprize=1.0, fviFid=12, fentrustType=1, deep=null, fstatus=1, robotStatus=0}
[2017-12-28 21:48:050] DEBUG (MessageCenter.java:68) - onMessage FentrustData{fid=394, fleftCount=1.0, fprize=1.0, fviFid=12, fentrustType=1, deep=null, fstatus=1, robotStatus=0}
[2017-12-28 21:48:050] DEBUG (MessageCenter.java:68) - onMessage FentrustData{fid=663, fleftCount=53.0, fprize=1.0, fviFid=12, fentrustType=0, deep=null, fstatus=1, robotStatus=0}
[2017-12-28 21:48:050] DEBUG (MessageCenter.java:68) - onMessage FentrustData{fid=663, fleftCount=53.0, fprize=1.0, fviFid=12, fentrustType=0, deep=null, fstatus=4, robotStatus=0}
[2017-12-28 21:48:050] DEBUG (MessageCenter.java:68) - onMessage FentrustData{fid=664, fleftCount=10.0, fprize=1.0, fviFid=12, fentrustType=0, deep=null, fstatus=1, robotStatus=0}
[2017-12-28 21:48:050] DEBUG (MessageCenter.java:68) - onMessage FentrustData{fid=664, fleftCount=10.0, fprize=1.0, fviFid=12, fentrustType=0, deep=null, fstatus=4, robotStatus=0}
[2017-12-28 21:48:050] DEBUG (MessageCenter.java:68) - onMessage FentrustData{fid=665, fleftCount=10.0, fprize=2.0, fviFid=11, fentrustType=0, deep=null, fstatus=1, robotStatus=0}
[2017-12-28 21:48:050] ERROR (TradeServiceImpl.java:190) - deal fails buy 663, sell 571 updated: 0, 1, 2, 0, 1, 1, 0
[2017-12-28 21:48:050] ERROR (MatchingEngineImpl.java:90) - update unsuccessful.
[2017-12-28 21:48:050] ERROR (MatchingEngineImpl.java:90) - update unsuccessful.
[2017-12-28 21:50:026] ERROR (DruidDataSource.java:695) - init datasource error, url: jdbc:mysql://192.168.0.250/trade?useUnicode=true&characterEncoding=utf-8
java.sql.SQLException: Access denied for user 'root'@'192.168.0.250' (using password: YES)
	at com.mysql.jdbc.SQLError.createSQLException(SQLError.java:957)
	at com.mysql.jdbc.MysqlIO.checkErrorPacket(MysqlIO.java:3878)
	at com.mysql.jdbc.MysqlIO.checkErrorPacket(MysqlIO.java:3814)
	at com.mysql.jdbc.MysqlIO.checkErrorPacket(MysqlIO.java:871)
	at com.mysql.jdbc.MysqlIO.proceedHandshakeWithPluggableAuthentication(MysqlIO.java:1694)
	at com.mysql.jdbc.MysqlIO.doHandshake(MysqlIO.java:1215)
	at com.mysql.jdbc.ConnectionImpl.coreConnect(ConnectionImpl.java:2255)
	at com.mysql.jdbc.ConnectionImpl.connectOneTryOnly(ConnectionImpl.java:2286)
	at com.mysql.jdbc.ConnectionImpl.createNewIO(ConnectionImpl.java:2085)
	at com.mysql.jdbc.ConnectionImpl.<init>(ConnectionImpl.java:795)
	at com.mysql.jdbc.JDBC4Connection.<init>(JDBC4Connection.java:44)
	at sun.reflect.NativeConstructorAccessorImpl.newInstance0(Native Method)
	at sun.reflect.NativeConstructorAccessorImpl.newInstance(NativeConstructorAccessorImpl.java:62)
	at sun.reflect.DelegatingConstructorAccessorImpl.newInstance(DelegatingConstructorAccessorImpl.java:45)
	at java.lang.reflect.Constructor.newInstance(Constructor.java:423)
	at com.mysql.jdbc.Util.handleNewInstance(Util.java:404)
	at com.mysql.jdbc.ConnectionImpl.getInstance(ConnectionImpl.java:400)
	at com.mysql.jdbc.NonRegisteringDriver.connect(NonRegisteringDriver.java:327)
	at com.alibaba.druid.pool.DruidAbstractDataSource.createPhysicalConnection(DruidAbstractDataSource.java:1408)
	at com.alibaba.druid.pool.DruidAbstractDataSource.createPhysicalConnection(DruidAbstractDataSource.java:1464)
	at com.alibaba.druid.pool.DruidDataSource.init(DruidDataSource.java:684)
	at sun.reflect.NativeMethodAccessorImpl.invoke0(Native Method)
	at sun.reflect.NativeMethodAccessorImpl.invoke(NativeMethodAccessorImpl.java:62)
	at sun.reflect.DelegatingMethodAccessorImpl.invoke(DelegatingMethodAccessorImpl.java:43)
	at java.lang.reflect.Method.invoke(Method.java:498)
	at org.springframework.beans.factory.support.AbstractAutowireCapableBeanFactory.invokeCustomInitMethod(AbstractAutowireCapableBeanFactory.java:1706)
	at org.springframework.beans.factory.support.AbstractAutowireCapableBeanFactory.invokeInitMethods(AbstractAutowireCapableBeanFactory.java:1645)
	at org.springframework.beans.factory.support.AbstractAutowireCapableBeanFactory.initializeBean(AbstractAutowireCapableBeanFactory.java:1574)
	at org.springframework.beans.factory.support.AbstractAutowireCapableBeanFactory.doCreateBean(AbstractAutowireCapableBeanFactory.java:545)
	at org.springframework.beans.factory.support.AbstractAutowireCapableBeanFactory.createBean(AbstractAutowireCapableBeanFactory.java:482)
	at org.springframework.beans.factory.support.AbstractBeanFactory$1.getObject(AbstractBeanFactory.java:306)
	at org.springframework.beans.factory.support.DefaultSingletonBeanRegistry.getSingleton(DefaultSingletonBeanRegistry.java:230)
	at org.springframework.beans.factory.support.AbstractBeanFactory.doGetBean(AbstractBeanFactory.java:302)
	at org.springframework.beans.factory.support.AbstractBeanFactory.getBean(AbstractBeanFactory.java:197)
	at org.springframework.beans.factory.support.DefaultListableBeanFactory.preInstantiateSingletons(DefaultListableBeanFactory.java:772)
	at org.springframework.context.support.AbstractApplicationContext.finishBeanFactoryInitialization(AbstractApplicationContext.java:839)
	at org.springframework.context.support.AbstractApplicationContext.refresh(AbstractApplicationContext.java:538)
	at org.springframework.context.support.AbstractRefreshableConfigApplicationContext.afterPropertiesSet(AbstractRefreshableConfigApplicationContext.java:151)
	at sun.reflect.NativeMethodAccessorImpl.invoke0(Native Method)
	at sun.reflect.NativeMethodAccessorImpl.invoke(NativeMethodAccessorImpl.java:62)
	at sun.reflect.DelegatingMethodAccessorImpl.invoke(DelegatingMethodAccessorImpl.java:43)
	at java.lang.reflect.Method.invoke(Method.java:498)
	at main.Application.init(Application.java:45)
	at main.Application.<clinit>(Application.java:29)
	at main.AppServer.main(AppServer.java:43)
[2017-12-28 21:50:026] ERROR (DruidDataSource.java:713) - {dataSource-1} init error
java.sql.SQLException: Access denied for user 'root'@'192.168.0.250' (using password: YES)
	at com.mysql.jdbc.SQLError.createSQLException(SQLError.java:957)
	at com.mysql.jdbc.MysqlIO.checkErrorPacket(MysqlIO.java:3878)
	at com.mysql.jdbc.MysqlIO.checkErrorPacket(MysqlIO.java:3814)
	at com.mysql.jdbc.MysqlIO.checkErrorPacket(MysqlIO.java:871)
	at com.mysql.jdbc.MysqlIO.proceedHandshakeWithPluggableAuthentication(MysqlIO.java:1694)
	at com.mysql.jdbc.MysqlIO.doHandshake(MysqlIO.java:1215)
	at com.mysql.jdbc.ConnectionImpl.coreConnect(ConnectionImpl.java:2255)
	at com.mysql.jdbc.ConnectionImpl.connectOneTryOnly(ConnectionImpl.java:2286)
	at com.mysql.jdbc.ConnectionImpl.createNewIO(ConnectionImpl.java:2085)
	at com.mysql.jdbc.ConnectionImpl.<init>(ConnectionImpl.java:795)
	at com.mysql.jdbc.JDBC4Connection.<init>(JDBC4Connection.java:44)
	at sun.reflect.NativeConstructorAccessorImpl.newInstance0(Native Method)
	at sun.reflect.NativeConstructorAccessorImpl.newInstance(NativeConstructorAccessorImpl.java:62)
	at sun.reflect.DelegatingConstructorAccessorImpl.newInstance(DelegatingConstructorAccessorImpl.java:45)
	at java.lang.reflect.Constructor.newInstance(Constructor.java:423)
	at com.mysql.jdbc.Util.handleNewInstance(Util.java:404)
	at com.mysql.jdbc.ConnectionImpl.getInstance(ConnectionImpl.java:400)
	at com.mysql.jdbc.NonRegisteringDriver.connect(NonRegisteringDriver.java:327)
	at com.alibaba.druid.pool.DruidAbstractDataSource.createPhysicalConnection(DruidAbstractDataSource.java:1408)
	at com.alibaba.druid.pool.DruidAbstractDataSource.createPhysicalConnection(DruidAbstractDataSource.java:1464)
	at com.alibaba.druid.pool.DruidDataSource.init(DruidDataSource.java:684)
	at sun.reflect.NativeMethodAccessorImpl.invoke0(Native Method)
	at sun.reflect.NativeMethodAccessorImpl.invoke(NativeMethodAccessorImpl.java:62)
	at sun.reflect.DelegatingMethodAccessorImpl.invoke(DelegatingMethodAccessorImpl.java:43)
	at java.lang.reflect.Method.invoke(Method.java:498)
	at org.springframework.beans.factory.support.AbstractAutowireCapableBeanFactory.invokeCustomInitMethod(AbstractAutowireCapableBeanFactory.java:1706)
	at org.springframework.beans.factory.support.AbstractAutowireCapableBeanFactory.invokeInitMethods(AbstractAutowireCapableBeanFactory.java:1645)
	at org.springframework.beans.factory.support.AbstractAutowireCapableBeanFactory.initializeBean(AbstractAutowireCapableBeanFactory.java:1574)
	at org.springframework.beans.factory.support.AbstractAutowireCapableBeanFactory.doCreateBean(AbstractAutowireCapableBeanFactory.java:545)
	at org.springframework.beans.factory.support.AbstractAutowireCapableBeanFactory.createBean(AbstractAutowireCapableBeanFactory.java:482)
	at org.springframework.beans.factory.support.AbstractBeanFactory$1.getObject(AbstractBeanFactory.java:306)
	at org.springframework.beans.factory.support.DefaultSingletonBeanRegistry.getSingleton(DefaultSingletonBeanRegistry.java:230)
	at org.springframework.beans.factory.support.AbstractBeanFactory.doGetBean(AbstractBeanFactory.java:302)
	at org.springframework.beans.factory.support.AbstractBeanFactory.getBean(AbstractBeanFactory.java:197)
	at org.springframework.beans.factory.support.DefaultListableBeanFactory.preInstantiateSingletons(DefaultListableBeanFactory.java:772)
	at org.springframework.context.support.AbstractApplicationContext.finishBeanFactoryInitialization(AbstractApplicationContext.java:839)
	at org.springframework.context.support.AbstractApplicationContext.refresh(AbstractApplicationContext.java:538)
	at org.springframework.context.support.AbstractRefreshableConfigApplicationContext.afterPropertiesSet(AbstractRefreshableConfigApplicationContext.java:151)
	at sun.reflect.NativeMethodAccessorImpl.invoke0(Native Method)
	at sun.reflect.NativeMethodAccessorImpl.invoke(NativeMethodAccessorImpl.java:62)
	at sun.reflect.DelegatingMethodAccessorImpl.invoke(DelegatingMethodAccessorImpl.java:43)
	at java.lang.reflect.Method.invoke(Method.java:498)
	at main.Application.init(Application.java:45)
	at main.Application.<clinit>(Application.java:29)
	at main.AppServer.main(AppServer.java:43)
[2017-12-28 21:50:026] WARN  (AbstractApplicationContext.java:546) - Exception encountered during context initialization - cancelling refresh attempt: org.springframework.beans.factory.BeanCreationException: Error creating bean with name 'dataSource' defined in class path resource [applicationContext.xml]: Invocation of init method failed; nested exception is java.sql.SQLException: Access denied for user 'root'@'192.168.0.250' (using password: YES)
[2017-12-28 21:50:046] ERROR (DruidDataSource.java:695) - init datasource error, url: jdbc:mysql://192.168.0.250:3306/trade?useUnicode=true&characterEncoding=utf-8
java.sql.SQLException: Access denied for user 'root'@'192.168.0.250' (using password: YES)
	at com.mysql.jdbc.SQLError.createSQLException(SQLError.java:957)
	at com.mysql.jdbc.MysqlIO.checkErrorPacket(MysqlIO.java:3878)
	at com.mysql.jdbc.MysqlIO.checkErrorPacket(MysqlIO.java:3814)
	at com.mysql.jdbc.MysqlIO.checkErrorPacket(MysqlIO.java:871)
	at com.mysql.jdbc.MysqlIO.proceedHandshakeWithPluggableAuthentication(MysqlIO.java:1694)
	at com.mysql.jdbc.MysqlIO.doHandshake(MysqlIO.java:1215)
	at com.mysql.jdbc.ConnectionImpl.coreConnect(ConnectionImpl.java:2255)
	at com.mysql.jdbc.ConnectionImpl.connectOneTryOnly(ConnectionImpl.java:2286)
	at com.mysql.jdbc.ConnectionImpl.createNewIO(ConnectionImpl.java:2085)
	at com.mysql.jdbc.ConnectionImpl.<init>(ConnectionImpl.java:795)
	at com.mysql.jdbc.JDBC4Connection.<init>(JDBC4Connection.java:44)
	at sun.reflect.NativeConstructorAccessorImpl.newInstance0(Native Method)
	at sun.reflect.NativeConstructorAccessorImpl.newInstance(NativeConstructorAccessorImpl.java:62)
	at sun.reflect.DelegatingConstructorAccessorImpl.newInstance(DelegatingConstructorAccessorImpl.java:45)
	at java.lang.reflect.Constructor.newInstance(Constructor.java:423)
	at com.mysql.jdbc.Util.handleNewInstance(Util.java:404)
	at com.mysql.jdbc.ConnectionImpl.getInstance(ConnectionImpl.java:400)
	at com.mysql.jdbc.NonRegisteringDriver.connect(NonRegisteringDriver.java:327)
	at com.alibaba.druid.pool.DruidAbstractDataSource.createPhysicalConnection(DruidAbstractDataSource.java:1408)
	at com.alibaba.druid.pool.DruidAbstractDataSource.createPhysicalConnection(DruidAbstractDataSource.java:1464)
	at com.alibaba.druid.pool.DruidDataSource.init(DruidDataSource.java:684)
	at sun.reflect.NativeMethodAccessorImpl.invoke0(Native Method)
	at sun.reflect.NativeMethodAccessorImpl.invoke(NativeMethodAccessorImpl.java:62)
	at sun.reflect.DelegatingMethodAccessorImpl.invoke(DelegatingMethodAccessorImpl.java:43)
	at java.lang.reflect.Method.invoke(Method.java:498)
	at org.springframework.beans.factory.support.AbstractAutowireCapableBeanFactory.invokeCustomInitMethod(AbstractAutowireCapableBeanFactory.java:1706)
	at org.springframework.beans.factory.support.AbstractAutowireCapableBeanFactory.invokeInitMethods(AbstractAutowireCapableBeanFactory.java:1645)
	at org.springframework.beans.factory.support.AbstractAutowireCapableBeanFactory.initializeBean(AbstractAutowireCapableBeanFactory.java:1574)
	at org.springframework.beans.factory.support.AbstractAutowireCapableBeanFactory.doCreateBean(AbstractAutowireCapableBeanFactory.java:545)
	at org.springframework.beans.factory.support.AbstractAutowireCapableBeanFactory.createBean(AbstractAutowireCapableBeanFactory.java:482)
	at org.springframework.beans.factory.support.AbstractBeanFactory$1.getObject(AbstractBeanFactory.java:306)
	at org.springframework.beans.factory.support.DefaultSingletonBeanRegistry.getSingleton(DefaultSingletonBeanRegistry.java:230)
	at org.springframework.beans.factory.support.AbstractBeanFactory.doGetBean(AbstractBeanFactory.java:302)
	at org.springframework.beans.factory.support.AbstractBeanFactory.getBean(AbstractBeanFactory.java:197)
	at org.springframework.beans.factory.support.DefaultListableBeanFactory.preInstantiateSingletons(DefaultListableBeanFactory.java:772)
	at org.springframework.context.support.AbstractApplicationContext.finishBeanFactoryInitialization(AbstractApplicationContext.java:839)
	at org.springframework.context.support.AbstractApplicationContext.refresh(AbstractApplicationContext.java:538)
	at org.springframework.context.support.AbstractRefreshableConfigApplicationContext.afterPropertiesSet(AbstractRefreshableConfigApplicationContext.java:151)
	at sun.reflect.NativeMethodAccessorImpl.invoke0(Native Method)
	at sun.reflect.NativeMethodAccessorImpl.invoke(NativeMethodAccessorImpl.java:62)
	at sun.reflect.DelegatingMethodAccessorImpl.invoke(DelegatingMethodAccessorImpl.java:43)
	at java.lang.reflect.Method.invoke(Method.java:498)
	at main.Application.init(Application.java:45)
	at main.Application.<clinit>(Application.java:29)
	at main.AppServer.main(AppServer.java:43)
[2017-12-28 21:50:046] ERROR (DruidDataSource.java:713) - {dataSource-1} init error
java.sql.SQLException: Access denied for user 'root'@'192.168.0.250' (using password: YES)
	at com.mysql.jdbc.SQLError.createSQLException(SQLError.java:957)
	at com.mysql.jdbc.MysqlIO.checkErrorPacket(MysqlIO.java:3878)
	at com.mysql.jdbc.MysqlIO.checkErrorPacket(MysqlIO.java:3814)
	at com.mysql.jdbc.MysqlIO.checkErrorPacket(MysqlIO.java:871)
	at com.mysql.jdbc.MysqlIO.proceedHandshakeWithPluggableAuthentication(MysqlIO.java:1694)
	at com.mysql.jdbc.MysqlIO.doHandshake(MysqlIO.java:1215)
	at com.mysql.jdbc.ConnectionImpl.coreConnect(ConnectionImpl.java:2255)
	at com.mysql.jdbc.ConnectionImpl.connectOneTryOnly(ConnectionImpl.java:2286)
	at com.mysql.jdbc.ConnectionImpl.createNewIO(ConnectionImpl.java:2085)
	at com.mysql.jdbc.ConnectionImpl.<init>(ConnectionImpl.java:795)
	at com.mysql.jdbc.JDBC4Connection.<init>(JDBC4Connection.java:44)
	at sun.reflect.NativeConstructorAccessorImpl.newInstance0(Native Method)
	at sun.reflect.NativeConstructorAccessorImpl.newInstance(NativeConstructorAccessorImpl.java:62)
	at sun.reflect.DelegatingConstructorAccessorImpl.newInstance(DelegatingConstructorAccessorImpl.java:45)
	at java.lang.reflect.Constructor.newInstance(Constructor.java:423)
	at com.mysql.jdbc.Util.handleNewInstance(Util.java:404)
	at com.mysql.jdbc.ConnectionImpl.getInstance(ConnectionImpl.java:400)
	at com.mysql.jdbc.NonRegisteringDriver.connect(NonRegisteringDriver.java:327)
	at com.alibaba.druid.pool.DruidAbstractDataSource.createPhysicalConnection(DruidAbstractDataSource.java:1408)
	at com.alibaba.druid.pool.DruidAbstractDataSource.createPhysicalConnection(DruidAbstractDataSource.java:1464)
	at com.alibaba.druid.pool.DruidDataSource.init(DruidDataSource.java:684)
	at sun.reflect.NativeMethodAccessorImpl.invoke0(Native Method)
	at sun.reflect.NativeMethodAccessorImpl.invoke(NativeMethodAccessorImpl.java:62)
	at sun.reflect.DelegatingMethodAccessorImpl.invoke(DelegatingMethodAccessorImpl.java:43)
	at java.lang.reflect.Method.invoke(Method.java:498)
	at org.springframework.beans.factory.support.AbstractAutowireCapableBeanFactory.invokeCustomInitMethod(AbstractAutowireCapableBeanFactory.java:1706)
	at org.springframework.beans.factory.support.AbstractAutowireCapableBeanFactory.invokeInitMethods(AbstractAutowireCapableBeanFactory.java:1645)
	at org.springframework.beans.factory.support.AbstractAutowireCapableBeanFactory.initializeBean(AbstractAutowireCapableBeanFactory.java:1574)
	at org.springframework.beans.factory.support.AbstractAutowireCapableBeanFactory.doCreateBean(AbstractAutowireCapableBeanFactory.java:545)
	at org.springframework.beans.factory.support.AbstractAutowireCapableBeanFactory.createBean(AbstractAutowireCapableBeanFactory.java:482)
	at org.springframework.beans.factory.support.AbstractBeanFactory$1.getObject(AbstractBeanFactory.java:306)
	at org.springframework.beans.factory.support.DefaultSingletonBeanRegistry.getSingleton(DefaultSingletonBeanRegistry.java:230)
	at org.springframework.beans.factory.support.AbstractBeanFactory.doGetBean(AbstractBeanFactory.java:302)
	at org.springframework.beans.factory.support.AbstractBeanFactory.getBean(AbstractBeanFactory.java:197)
	at org.springframework.beans.factory.support.DefaultListableBeanFactory.preInstantiateSingletons(DefaultListableBeanFactory.java:772)
	at org.springframework.context.support.AbstractApplicationContext.finishBeanFactoryInitialization(AbstractApplicationContext.java:839)
	at org.springframework.context.support.AbstractApplicationContext.refresh(AbstractApplicationContext.java:538)
	at org.springframework.context.support.AbstractRefreshableConfigApplicationContext.afterPropertiesSet(AbstractRefreshableConfigApplicationContext.java:151)
	at sun.reflect.NativeMethodAccessorImpl.invoke0(Native Method)
	at sun.reflect.NativeMethodAccessorImpl.invoke(NativeMethodAccessorImpl.java:62)
	at sun.reflect.DelegatingMethodAccessorImpl.invoke(DelegatingMethodAccessorImpl.java:43)
	at java.lang.reflect.Method.invoke(Method.java:498)
	at main.Application.init(Application.java:45)
	at main.Application.<clinit>(Application.java:29)
	at main.AppServer.main(AppServer.java:43)
[2017-12-28 21:50:046] WARN  (AbstractApplicationContext.java:546) - Exception encountered during context initialization - cancelling refresh attempt: org.springframework.beans.factory.BeanCreationException: Error creating bean with name 'dataSource' defined in class path resource [applicationContext.xml]: Invocation of init method failed; nested exception is java.sql.SQLException: Access denied for user 'root'@'192.168.0.250' (using password: YES)
[2017-12-28 21:50:046] ERROR (DruidDataSource.java:1997) - create connection error, url: jdbc:mysql://192.168.0.250:3306/trade?useUnicode=true&characterEncoding=utf-8, errorCode 1045, state 28000
java.sql.SQLException: Access denied for user 'root'@'192.168.0.250' (using password: YES)
	at com.mysql.jdbc.SQLError.createSQLException(SQLError.java:957)
	at com.mysql.jdbc.MysqlIO.checkErrorPacket(MysqlIO.java:3878)
	at com.mysql.jdbc.MysqlIO.checkErrorPacket(MysqlIO.java:3814)
	at com.mysql.jdbc.MysqlIO.checkErrorPacket(MysqlIO.java:871)
	at com.mysql.jdbc.MysqlIO.proceedHandshakeWithPluggableAuthentication(MysqlIO.java:1694)
	at com.mysql.jdbc.MysqlIO.doHandshake(MysqlIO.java:1215)
	at com.mysql.jdbc.ConnectionImpl.coreConnect(ConnectionImpl.java:2255)
	at com.mysql.jdbc.ConnectionImpl.connectOneTryOnly(ConnectionImpl.java:2286)
	at com.mysql.jdbc.ConnectionImpl.createNewIO(ConnectionImpl.java:2085)
	at com.mysql.jdbc.ConnectionImpl.<init>(ConnectionImpl.java:795)
	at com.mysql.jdbc.JDBC4Connection.<init>(JDBC4Connection.java:44)
	at sun.reflect.NativeConstructorAccessorImpl.newInstance0(Native Method)
	at sun.reflect.NativeConstructorAccessorImpl.newInstance(NativeConstructorAccessorImpl.java:62)
	at sun.reflect.DelegatingConstructorAccessorImpl.newInstance(DelegatingConstructorAccessorImpl.java:45)
	at java.lang.reflect.Constructor.newInstance(Constructor.java:423)
	at com.mysql.jdbc.Util.handleNewInstance(Util.java:404)
	at com.mysql.jdbc.ConnectionImpl.getInstance(ConnectionImpl.java:400)
	at com.mysql.jdbc.NonRegisteringDriver.connect(NonRegisteringDriver.java:327)
	at com.alibaba.druid.pool.DruidAbstractDataSource.createPhysicalConnection(DruidAbstractDataSource.java:1408)
	at com.alibaba.druid.pool.DruidAbstractDataSource.createPhysicalConnection(DruidAbstractDataSource.java:1464)
	at com.alibaba.druid.pool.DruidDataSource$CreateConnectionThread.run(DruidDataSource.java:1995)
[2017-12-28 21:50:059] ERROR (DruidDataSource.java:695) - init datasource error, url: jdbc:mysql://127.0.0.1:3306/trade?useUnicode=true&characterEncoding=utf-8
java.sql.SQLException: Access denied for user 'root'@'localhost' (using password: YES)
	at com.mysql.jdbc.SQLError.createSQLException(SQLError.java:957)
	at com.mysql.jdbc.MysqlIO.checkErrorPacket(MysqlIO.java:3878)
	at com.mysql.jdbc.MysqlIO.checkErrorPacket(MysqlIO.java:3814)
	at com.mysql.jdbc.MysqlIO.checkErrorPacket(MysqlIO.java:871)
	at com.mysql.jdbc.MysqlIO.proceedHandshakeWithPluggableAuthentication(MysqlIO.java:1694)
	at com.mysql.jdbc.MysqlIO.doHandshake(MysqlIO.java:1215)
	at com.mysql.jdbc.ConnectionImpl.coreConnect(ConnectionImpl.java:2255)
	at com.mysql.jdbc.ConnectionImpl.connectOneTryOnly(ConnectionImpl.java:2286)
	at com.mysql.jdbc.ConnectionImpl.createNewIO(ConnectionImpl.java:2085)
	at com.mysql.jdbc.ConnectionImpl.<init>(ConnectionImpl.java:795)
	at com.mysql.jdbc.JDBC4Connection.<init>(JDBC4Connection.java:44)
	at sun.reflect.NativeConstructorAccessorImpl.newInstance0(Native Method)
	at sun.reflect.NativeConstructorAccessorImpl.newInstance(NativeConstructorAccessorImpl.java:62)
	at sun.reflect.DelegatingConstructorAccessorImpl.newInstance(DelegatingConstructorAccessorImpl.java:45)
	at java.lang.reflect.Constructor.newInstance(Constructor.java:423)
	at com.mysql.jdbc.Util.handleNewInstance(Util.java:404)
	at com.mysql.jdbc.ConnectionImpl.getInstance(ConnectionImpl.java:400)
	at com.mysql.jdbc.NonRegisteringDriver.connect(NonRegisteringDriver.java:327)
	at com.alibaba.druid.pool.DruidAbstractDataSource.createPhysicalConnection(DruidAbstractDataSource.java:1408)
	at com.alibaba.druid.pool.DruidAbstractDataSource.createPhysicalConnection(DruidAbstractDataSource.java:1464)
	at com.alibaba.druid.pool.DruidDataSource.init(DruidDataSource.java:684)
	at sun.reflect.NativeMethodAccessorImpl.invoke0(Native Method)
	at sun.reflect.NativeMethodAccessorImpl.invoke(NativeMethodAccessorImpl.java:62)
	at sun.reflect.DelegatingMethodAccessorImpl.invoke(DelegatingMethodAccessorImpl.java:43)
	at java.lang.reflect.Method.invoke(Method.java:498)
	at org.springframework.beans.factory.support.AbstractAutowireCapableBeanFactory.invokeCustomInitMethod(AbstractAutowireCapableBeanFactory.java:1706)
	at org.springframework.beans.factory.support.AbstractAutowireCapableBeanFactory.invokeInitMethods(AbstractAutowireCapableBeanFactory.java:1645)
	at org.springframework.beans.factory.support.AbstractAutowireCapableBeanFactory.initializeBean(AbstractAutowireCapableBeanFactory.java:1574)
	at org.springframework.beans.factory.support.AbstractAutowireCapableBeanFactory.doCreateBean(AbstractAutowireCapableBeanFactory.java:545)
	at org.springframework.beans.factory.support.AbstractAutowireCapableBeanFactory.createBean(AbstractAutowireCapableBeanFactory.java:482)
	at org.springframework.beans.factory.support.AbstractBeanFactory$1.getObject(AbstractBeanFactory.java:306)
	at org.springframework.beans.factory.support.DefaultSingletonBeanRegistry.getSingleton(DefaultSingletonBeanRegistry.java:230)
	at org.springframework.beans.factory.support.AbstractBeanFactory.doGetBean(AbstractBeanFactory.java:302)
	at org.springframework.beans.factory.support.AbstractBeanFactory.getBean(AbstractBeanFactory.java:197)
	at org.springframework.beans.factory.support.DefaultListableBeanFactory.preInstantiateSingletons(DefaultListableBeanFactory.java:772)
	at org.springframework.context.support.AbstractApplicationContext.finishBeanFactoryInitialization(AbstractApplicationContext.java:839)
	at org.springframework.context.support.AbstractApplicationContext.refresh(AbstractApplicationContext.java:538)
	at org.springframework.context.support.AbstractRefreshableConfigApplicationContext.afterPropertiesSet(AbstractRefreshableConfigApplicationContext.java:151)
	at sun.reflect.NativeMethodAccessorImpl.invoke0(Native Method)
	at sun.reflect.NativeMethodAccessorImpl.invoke(NativeMethodAccessorImpl.java:62)
	at sun.reflect.DelegatingMethodAccessorImpl.invoke(DelegatingMethodAccessorImpl.java:43)
	at java.lang.reflect.Method.invoke(Method.java:498)
	at main.Application.init(Application.java:45)
	at main.Application.<clinit>(Application.java:29)
	at main.AppServer.main(AppServer.java:43)
[2017-12-28 21:50:059] ERROR (DruidDataSource.java:713) - {dataSource-1} init error
java.sql.SQLException: Access denied for user 'root'@'localhost' (using password: YES)
	at com.mysql.jdbc.SQLError.createSQLException(SQLError.java:957)
	at com.mysql.jdbc.MysqlIO.checkErrorPacket(MysqlIO.java:3878)
	at com.mysql.jdbc.MysqlIO.checkErrorPacket(MysqlIO.java:3814)
	at com.mysql.jdbc.MysqlIO.checkErrorPacket(MysqlIO.java:871)
	at com.mysql.jdbc.MysqlIO.proceedHandshakeWithPluggableAuthentication(MysqlIO.java:1694)
	at com.mysql.jdbc.MysqlIO.doHandshake(MysqlIO.java:1215)
	at com.mysql.jdbc.ConnectionImpl.coreConnect(ConnectionImpl.java:2255)
	at com.mysql.jdbc.ConnectionImpl.connectOneTryOnly(ConnectionImpl.java:2286)
	at com.mysql.jdbc.ConnectionImpl.createNewIO(ConnectionImpl.java:2085)
	at com.mysql.jdbc.ConnectionImpl.<init>(ConnectionImpl.java:795)
	at com.mysql.jdbc.JDBC4Connection.<init>(JDBC4Connection.java:44)
	at sun.reflect.NativeConstructorAccessorImpl.newInstance0(Native Method)
	at sun.reflect.NativeConstructorAccessorImpl.newInstance(NativeConstructorAccessorImpl.java:62)
	at sun.reflect.DelegatingConstructorAccessorImpl.newInstance(DelegatingConstructorAccessorImpl.java:45)
	at java.lang.reflect.Constructor.newInstance(Constructor.java:423)
	at com.mysql.jdbc.Util.handleNewInstance(Util.java:404)
	at com.mysql.jdbc.ConnectionImpl.getInstance(ConnectionImpl.java:400)
	at com.mysql.jdbc.NonRegisteringDriver.connect(NonRegisteringDriver.java:327)
	at com.alibaba.druid.pool.DruidAbstractDataSource.createPhysicalConnection(DruidAbstractDataSource.java:1408)
	at com.alibaba.druid.pool.DruidAbstractDataSource.createPhysicalConnection(DruidAbstractDataSource.java:1464)
	at com.alibaba.druid.pool.DruidDataSource.init(DruidDataSource.java:684)
	at sun.reflect.NativeMethodAccessorImpl.invoke0(Native Method)
	at sun.reflect.NativeMethodAccessorImpl.invoke(NativeMethodAccessorImpl.java:62)
	at sun.reflect.DelegatingMethodAccessorImpl.invoke(DelegatingMethodAccessorImpl.java:43)
	at java.lang.reflect.Method.invoke(Method.java:498)
	at org.springframework.beans.factory.support.AbstractAutowireCapableBeanFactory.invokeCustomInitMethod(AbstractAutowireCapableBeanFactory.java:1706)
	at org.springframework.beans.factory.support.AbstractAutowireCapableBeanFactory.invokeInitMethods(AbstractAutowireCapableBeanFactory.java:1645)
	at org.springframework.beans.factory.support.AbstractAutowireCapableBeanFactory.initializeBean(AbstractAutowireCapableBeanFactory.java:1574)
	at org.springframework.beans.factory.support.AbstractAutowireCapableBeanFactory.doCreateBean(AbstractAutowireCapableBeanFactory.java:545)
	at org.springframework.beans.factory.support.AbstractAutowireCapableBeanFactory.createBean(AbstractAutowireCapableBeanFactory.java:482)
	at org.springframework.beans.factory.support.AbstractBeanFactory$1.getObject(AbstractBeanFactory.java:306)
	at org.springframework.beans.factory.support.DefaultSingletonBeanRegistry.getSingleton(DefaultSingletonBeanRegistry.java:230)
	at org.springframework.beans.factory.support.AbstractBeanFactory.doGetBean(AbstractBeanFactory.java:302)
	at org.springframework.beans.factory.support.AbstractBeanFactory.getBean(AbstractBeanFactory.java:197)
	at org.springframework.beans.factory.support.DefaultListableBeanFactory.preInstantiateSingletons(DefaultListableBeanFactory.java:772)
	at org.springframework.context.support.AbstractApplicationContext.finishBeanFactoryInitialization(AbstractApplicationContext.java:839)
	at org.springframework.context.support.AbstractApplicationContext.refresh(AbstractApplicationContext.java:538)
	at org.springframework.context.support.AbstractRefreshableConfigApplicationContext.afterPropertiesSet(AbstractRefreshableConfigApplicationContext.java:151)
	at sun.reflect.NativeMethodAccessorImpl.invoke0(Native Method)
	at sun.reflect.NativeMethodAccessorImpl.invoke(NativeMethodAccessorImpl.java:62)
	at sun.reflect.DelegatingMethodAccessorImpl.invoke(DelegatingMethodAccessorImpl.java:43)
	at java.lang.reflect.Method.invoke(Method.java:498)
	at main.Application.init(Application.java:45)
	at main.Application.<clinit>(Application.java:29)
	at main.AppServer.main(AppServer.java:43)
[2017-12-28 21:50:059] WARN  (AbstractApplicationContext.java:546) - Exception encountered during context initialization - cancelling refresh attempt: org.springframework.beans.factory.BeanCreationException: Error creating bean with name 'dataSource' defined in class path resource [applicationContext.xml]: Invocation of init method failed; nested exception is java.sql.SQLException: Access denied for user 'root'@'localhost' (using password: YES)
[2017-12-28 21:51:055] INFO  (AppInitializer.java:53) - clear cached depth data
[2017-12-28 21:51:055] INFO  (AppInitializer.java:57) - load latest deal price from db
[2017-12-28 21:51:055] INFO  (AppInitializer.java:59) - load entrust from db
[2017-12-28 21:51:055] INFO  (AppInitializer.java:61) - load entrust log from db
[2017-12-28 21:51:055] INFO  (AppInitializer.java:63) - send entrust to message center size 4
[2017-12-28 21:51:055] DEBUG (MessageCenter.java:68) - onMessage FentrustData{fid=520, fleftCount=100.0, fprize=3.0, fviFid=14, fentrustType=1, deep=null, fstatus=1, robotStatus=0}
[2017-12-28 21:51:055] DEBUG (MessageCenter.java:71) - new 14 system
[2017-12-28 21:51:055] DEBUG (MessageCenter.java:68) - onMessage FentrustData{fid=521, fleftCount=1000.0, fprize=4.0, fviFid=14, fentrustType=1, deep=null, fstatus=1, robotStatus=0}
[2017-12-28 21:51:055] DEBUG (MessageCenter.java:68) - onMessage FentrustData{fid=571, fleftCount=200.0, fprize=0.2, fviFid=12, fentrustType=1, deep=null, fstatus=1, robotStatus=0}
[2017-12-28 21:51:055] DEBUG (MessageCenter.java:71) - new 12 system
[2017-12-28 21:51:055] DEBUG (MessageCenter.java:68) - onMessage FentrustData{fid=665, fleftCount=10.0, fprize=2.0, fviFid=11, fentrustType=0, deep=null, fstatus=1, robotStatus=0}
[2017-12-28 21:51:055] DEBUG (MessageCenter.java:71) - new 11 system
[2017-12-28 21:51:055] INFO  (AppServer.java:59) - app server started 2368 ms
[2017-12-28 21:53:018] DEBUG (MessageCenter.java:68) - onMessage FentrustData{fid=665, fleftCount=10.0, fprize=2.0, fviFid=11, fentrustType=0, deep=null, fstatus=4, robotStatus=0}
[2017-12-28 21:54:041] INFO  (AppInitializer.java:53) - clear cached depth data
[2017-12-28 21:54:041] INFO  (AppInitializer.java:57) - load latest deal price from db
[2017-12-28 21:54:041] INFO  (AppInitializer.java:59) - load entrust from db
[2017-12-28 21:54:041] INFO  (AppInitializer.java:61) - load entrust log from db
[2017-12-28 21:54:041] INFO  (AppInitializer.java:63) - send entrust to message center size 0
[2017-12-28 21:54:041] INFO  (AppServer.java:59) - app server started 2252 ms
[2017-12-28 21:55:042] DEBUG (MessageCenter.java:68) - onMessage FentrustData{fid=666, fleftCount=10.0, fprize=1.0, fviFid=11, fentrustType=0, deep=null, fstatus=1, robotStatus=0}
[2017-12-28 21:55:042] DEBUG (MessageCenter.java:71) - new 11 system
[2017-12-28 21:55:052] DEBUG (MessageCenter.java:68) - onMessage FentrustData{fid=667, fleftCount=20.0, fprize=1.0, fviFid=11, fentrustType=1, deep=null, fstatus=1, robotStatus=0}
[2018-01-05 20:19:035] INFO  (AppInitializer.java:53) - clear cached depth data
[2018-01-05 20:19:035] INFO  (AppInitializer.java:57) - load latest deal price from db
[2018-01-05 20:19:035] INFO  (AppInitializer.java:59) - load entrust from db
[2018-01-05 20:19:035] INFO  (AppInitializer.java:61) - load entrust log from db
[2018-01-05 20:19:035] INFO  (AppInitializer.java:63) - send entrust to message center size 6
[2018-01-05 20:19:035] DEBUG (MessageCenter.java:68) - onMessage FentrustData{fid=339, fleftCount=7.0, fprize=1.0, fviFid=11, fentrustType=0, deep=null, fstatus=2, robotStatus=0}
[2018-01-05 20:19:035] DEBUG (MessageCenter.java:71) - new 11 system
[2018-01-05 20:19:035] DEBUG (MessageCenter.java:68) - onMessage FentrustData{fid=341, fleftCount=1.0, fprize=1.0, fviFid=11, fentrustType=0, deep=null, fstatus=1, robotStatus=0}
[2018-01-05 20:19:035] DEBUG (MessageCenter.java:68) - onMessage FentrustData{fid=342, fleftCount=1.0, fprize=1.0, fviFid=11, fentrustType=0, deep=null, fstatus=1, robotStatus=0}
[2018-01-05 20:19:035] DEBUG (MessageCenter.java:68) - onMessage FentrustData{fid=390, fleftCount=1.0, fprize=2.0, fviFid=11, fentrustType=1, deep=null, fstatus=2, robotStatus=0}
[2018-01-05 20:19:035] DEBUG (MessageCenter.java:68) - onMessage FentrustData{fid=393, fleftCount=1.0, fprize=1.0, fviFid=12, fentrustType=1, deep=null, fstatus=1, robotStatus=0}
[2018-01-05 20:19:035] DEBUG (MessageCenter.java:71) - new 12 system
[2018-01-05 20:19:035] DEBUG (MessageCenter.java:68) - onMessage FentrustData{fid=394, fleftCount=1.0, fprize=1.0, fviFid=12, fentrustType=1, deep=null, fstatus=1, robotStatus=0}
[2018-01-05 20:19:035] INFO  (AppServer.java:59) - app server started 7639 ms
[2018-01-05 20:21:043] DEBUG (MessageCenter.java:68) - onMessage FentrustData{fid=395, fleftCount=10.0, fprize=1.1, fviFid=11, fentrustType=0, deep=null, fstatus=1, robotStatus=0}
[2018-01-05 20:21:056] DEBUG (MessageCenter.java:68) - onMessage FentrustData{fid=395, fleftCount=10.0, fprize=1.1, fviFid=11, fentrustType=0, deep=null, fstatus=4, robotStatus=0}
[2018-01-05 21:06:018] INFO  (AppInitializer.java:53) - clear cached depth data
[2018-01-05 21:06:018] INFO  (AppInitializer.java:57) - load latest deal price from db
[2018-01-05 21:06:019] INFO  (AppInitializer.java:59) - load entrust from db
[2018-01-05 21:06:019] INFO  (AppInitializer.java:61) - load entrust log from db
[2018-01-05 21:06:019] INFO  (AppInitializer.java:63) - send entrust to message center size 6
[2018-01-05 21:06:019] DEBUG (MessageCenter.java:68) - onMessage FentrustData{fid=339, fleftCount=7.0, fprize=1.0, fviFid=11, fentrustType=0, deep=null, fstatus=2, robotStatus=0}
[2018-01-05 21:06:019] DEBUG (MessageCenter.java:71) - new 11 system
[2018-01-05 21:06:019] DEBUG (MessageCenter.java:68) - onMessage FentrustData{fid=341, fleftCount=1.0, fprize=1.0, fviFid=11, fentrustType=0, deep=null, fstatus=1, robotStatus=0}
[2018-01-05 21:06:019] DEBUG (MessageCenter.java:68) - onMessage FentrustData{fid=342, fleftCount=1.0, fprize=1.0, fviFid=11, fentrustType=0, deep=null, fstatus=1, robotStatus=0}
[2018-01-05 21:06:019] DEBUG (MessageCenter.java:68) - onMessage FentrustData{fid=390, fleftCount=1.0, fprize=2.0, fviFid=11, fentrustType=1, deep=null, fstatus=2, robotStatus=0}
[2018-01-05 21:06:019] DEBUG (MessageCenter.java:68) - onMessage FentrustData{fid=393, fleftCount=1.0, fprize=1.0, fviFid=12, fentrustType=1, deep=null, fstatus=1, robotStatus=0}
[2018-01-05 21:06:019] DEBUG (MessageCenter.java:71) - new 12 system
[2018-01-05 21:06:019] DEBUG (MessageCenter.java:68) - onMessage FentrustData{fid=394, fleftCount=1.0, fprize=1.0, fviFid=12, fentrustType=1, deep=null, fstatus=1, robotStatus=0}
[2018-01-05 21:06:019] INFO  (AppServer.java:69) - app server started 7864 ms
[2018-01-05 21:15:039] DEBUG (MessageCenter.java:68) - onMessage FentrustData{fid=396, fleftCount=12.0, fprize=1.1, fviFid=11, fentrustType=0, deep=null, fstatus=1, robotStatus=0}
[2018-01-05 21:20:043] INFO  (AppInitializer.java:53) - clear cached depth data
[2018-01-05 21:20:043] INFO  (AppInitializer.java:57) - load latest deal price from db
[2018-01-05 21:20:043] INFO  (AppInitializer.java:59) - load entrust from db
[2018-01-05 21:20:043] INFO  (AppInitializer.java:61) - load entrust log from db
[2018-01-05 21:20:043] INFO  (AppInitializer.java:63) - send entrust to message center size 7
[2018-01-05 21:20:043] DEBUG (MessageCenter.java:68) - onMessage FentrustData{fid=339, fleftCount=7.0, fprize=1.0, fviFid=11, fentrustType=0, deep=null, fstatus=2, robotStatus=0}
[2018-01-05 21:20:043] DEBUG (MessageCenter.java:71) - new 11 system
[2018-01-05 21:20:043] DEBUG (MessageCenter.java:68) - onMessage FentrustData{fid=341, fleftCount=1.0, fprize=1.0, fviFid=11, fentrustType=0, deep=null, fstatus=1, robotStatus=0}
[2018-01-05 21:20:043] DEBUG (MessageCenter.java:68) - onMessage FentrustData{fid=342, fleftCount=1.0, fprize=1.0, fviFid=11, fentrustType=0, deep=null, fstatus=1, robotStatus=0}
[2018-01-05 21:20:043] DEBUG (MessageCenter.java:68) - onMessage FentrustData{fid=390, fleftCount=1.0, fprize=2.0, fviFid=11, fentrustType=1, deep=null, fstatus=2, robotStatus=0}
[2018-01-05 21:20:043] DEBUG (MessageCenter.java:68) - onMessage FentrustData{fid=396, fleftCount=12.0, fprize=1.1, fviFid=11, fentrustType=0, deep=null, fstatus=1, robotStatus=0}
[2018-01-05 21:20:043] DEBUG (MessageCenter.java:68) - onMessage FentrustData{fid=393, fleftCount=1.0, fprize=1.0, fviFid=12, fentrustType=1, deep=null, fstatus=1, robotStatus=0}
[2018-01-05 21:20:043] DEBUG (MessageCenter.java:71) - new 12 system
[2018-01-05 21:20:043] DEBUG (MessageCenter.java:68) - onMessage FentrustData{fid=394, fleftCount=1.0, fprize=1.0, fviFid=12, fentrustType=1, deep=null, fstatus=1, robotStatus=0}
[2018-01-05 21:20:043] INFO  (AppServer.java:69) - app server started 7533 ms
[2018-01-06 20:33:004] INFO  (AppInitializer.java:53) - clear cached depth data
[2018-01-06 20:33:005] INFO  (AppInitializer.java:57) - load latest deal price from db
[2018-01-06 20:33:005] INFO  (AppInitializer.java:59) - load entrust from db
[2018-01-06 20:33:005] INFO  (AppInitializer.java:61) - load entrust log from db
[2018-01-06 20:33:005] INFO  (AppInitializer.java:63) - send entrust to message center size 7
[2018-01-06 20:33:005] DEBUG (MessageCenter.java:68) - onMessage FentrustData{fid=339, fleftCount=7.0, fprize=1.0, fviFid=11, fentrustType=0, deep=null, fstatus=2, robotStatus=0}
[2018-01-06 20:33:005] DEBUG (MessageCenter.java:71) - new 11 system
[2018-01-06 20:33:005] DEBUG (MessageCenter.java:68) - onMessage FentrustData{fid=341, fleftCount=1.0, fprize=1.0, fviFid=11, fentrustType=0, deep=null, fstatus=1, robotStatus=0}
[2018-01-06 20:33:005] DEBUG (MessageCenter.java:68) - onMessage FentrustData{fid=342, fleftCount=1.0, fprize=1.0, fviFid=11, fentrustType=0, deep=null, fstatus=1, robotStatus=0}
[2018-01-06 20:33:005] DEBUG (MessageCenter.java:68) - onMessage FentrustData{fid=390, fleftCount=1.0, fprize=2.0, fviFid=11, fentrustType=1, deep=null, fstatus=2, robotStatus=0}
[2018-01-06 20:33:005] DEBUG (MessageCenter.java:68) - onMessage FentrustData{fid=396, fleftCount=12.0, fprize=1.1, fviFid=11, fentrustType=0, deep=null, fstatus=1, robotStatus=0}
[2018-01-06 20:33:005] DEBUG (MessageCenter.java:68) - onMessage FentrustData{fid=393, fleftCount=1.0, fprize=1.0, fviFid=12, fentrustType=1, deep=null, fstatus=1, robotStatus=0}
[2018-01-06 20:33:005] DEBUG (MessageCenter.java:71) - new 12 system
[2018-01-06 20:33:005] DEBUG (MessageCenter.java:68) - onMessage FentrustData{fid=394, fleftCount=1.0, fprize=1.0, fviFid=12, fentrustType=1, deep=null, fstatus=1, robotStatus=0}
[2018-01-06 20:33:006] INFO  (AppServer.java:69) - app server started 17525 ms
[2018-01-06 22:10:016] DEBUG (MessageCenter.java:68) - onMessage FentrustData{fid=397, fleftCount=10.0, fprize=1.3, fviFid=11, fentrustType=0, deep=null, fstatus=1, robotStatus=0}
[2018-01-06 22:10:022] DEBUG (MessageCenter.java:68) - onMessage FentrustData{fid=398, fleftCount=10.0, fprize=1.4, fviFid=11, fentrustType=0, deep=null, fstatus=1, robotStatus=0}
[2018-01-06 22:10:027] DEBUG (MessageCenter.java:68) - onMessage FentrustData{fid=399, fleftCount=10.0, fprize=1.5, fviFid=11, fentrustType=0, deep=null, fstatus=1, robotStatus=0}
[2018-01-06 22:11:053] INFO  (AppInitializer.java:53) - clear cached depth data
[2018-01-06 22:11:054] INFO  (AppInitializer.java:57) - load latest deal price from db
[2018-01-06 22:11:054] INFO  (AppInitializer.java:59) - load entrust from db
[2018-01-06 22:11:054] INFO  (AppInitializer.java:61) - load entrust log from db
[2018-01-06 22:11:054] INFO  (AppInitializer.java:63) - send entrust to message center size 10
[2018-01-06 22:11:054] DEBUG (MessageCenter.java:68) - onMessage FentrustData{fid=339, fleftCount=7.0, fprize=1.0, fviFid=11, fentrustType=0, deep=null, fstatus=2, robotStatus=0}
[2018-01-06 22:11:054] DEBUG (MessageCenter.java:71) - new 11 system
[2018-01-06 22:11:054] DEBUG (MessageCenter.java:68) - onMessage FentrustData{fid=341, fleftCount=1.0, fprize=1.0, fviFid=11, fentrustType=0, deep=null, fstatus=1, robotStatus=0}
[2018-01-06 22:11:054] DEBUG (MessageCenter.java:68) - onMessage FentrustData{fid=342, fleftCount=1.0, fprize=1.0, fviFid=11, fentrustType=0, deep=null, fstatus=1, robotStatus=0}
[2018-01-06 22:11:054] DEBUG (MessageCenter.java:68) - onMessage FentrustData{fid=390, fleftCount=1.0, fprize=2.0, fviFid=11, fentrustType=1, deep=null, fstatus=2, robotStatus=0}
[2018-01-06 22:11:054] DEBUG (MessageCenter.java:68) - onMessage FentrustData{fid=396, fleftCount=12.0, fprize=1.1, fviFid=11, fentrustType=0, deep=null, fstatus=1, robotStatus=0}
[2018-01-06 22:11:054] DEBUG (MessageCenter.java:68) - onMessage FentrustData{fid=397, fleftCount=10.0, fprize=1.3, fviFid=11, fentrustType=0, deep=null, fstatus=1, robotStatus=0}
[2018-01-06 22:11:054] DEBUG (MessageCenter.java:68) - onMessage FentrustData{fid=398, fleftCount=10.0, fprize=1.4, fviFid=11, fentrustType=0, deep=null, fstatus=1, robotStatus=0}
[2018-01-06 22:11:054] DEBUG (MessageCenter.java:68) - onMessage FentrustData{fid=399, fleftCount=10.0, fprize=1.5, fviFid=11, fentrustType=0, deep=null, fstatus=1, robotStatus=0}
[2018-01-06 22:11:054] DEBUG (MessageCenter.java:68) - onMessage FentrustData{fid=393, fleftCount=1.0, fprize=1.0, fviFid=12, fentrustType=1, deep=null, fstatus=1, robotStatus=0}
[2018-01-06 22:11:054] DEBUG (MessageCenter.java:71) - new 12 system
[2018-01-06 22:11:054] DEBUG (MessageCenter.java:68) - onMessage FentrustData{fid=394, fleftCount=1.0, fprize=1.0, fviFid=12, fentrustType=1, deep=null, fstatus=1, robotStatus=0}
[2018-01-06 22:11:055] INFO  (AppServer.java:69) - app server started 15632 ms
[2018-01-06 22:16:054] DEBUG (MessageCenter.java:68) - onMessage FentrustData{fid=400, fleftCount=10.0, fprize=1.6, fviFid=11, fentrustType=0, deep=null, fstatus=1, robotStatus=0}
[2018-01-06 22:20:042] DEBUG (MessageCenter.java:68) - onMessage FentrustData{fid=401, fleftCount=10.0, fprize=1.61, fviFid=11, fentrustType=0, deep=null, fstatus=1, robotStatus=0}
[2018-01-06 22:20:053] DEBUG (MessageCenter.java:68) - onMessage FentrustData{fid=402, fleftCount=10.0, fprize=1.62, fviFid=11, fentrustType=0, deep=null, fstatus=1, robotStatus=0}
[2018-01-06 22:20:058] DEBUG (MessageCenter.java:68) - onMessage FentrustData{fid=403, fleftCount=11.0, fprize=1.621, fviFid=11, fentrustType=0, deep=null, fstatus=1, robotStatus=0}
[2018-01-06 22:28:035] DEBUG (MessageCenter.java:68) - onMessage FentrustData{fid=404, fleftCount=11.0, fprize=1.63, fviFid=11, fentrustType=0, deep=null, fstatus=1, robotStatus=0}
[2018-01-06 22:44:059] DEBUG (MessageCenter.java:68) - onMessage FentrustData{fid=405, fleftCount=10.0, fprize=1.65, fviFid=11, fentrustType=1, deep=null, fstatus=1, robotStatus=0}
