0    [02-一月-2018 13:26:15] WARN  (DeprecationWarning.java:43) org.eclipse.jetty.util.DeprecationWarning  - Using @Deprecated Class org.springframework.web.util.Log4jConfigListener
10796 [02-一月-2018 13:26:25] WARN  (EhCacheProvider.java:93) org.hibernate.cache.EhCacheProvider  - Could not find configuration [encache_.com.ruizton.main.model.Fsystemargs]; using defaults.
10842 [02-一月-2018 13:26:25] WARN  (EhCacheProvider.java:93) org.hibernate.cache.EhCacheProvider  - Could not find configuration [encache_.com.ruizton.main.model.FTypeDetail]; using defaults.
10876 [02-一月-2018 13:26:25] WARN  (EhCacheProvider.java:93) org.hibernate.cache.EhCacheProvider  - Could not find configuration [encache_.com.ruizton.main.model.Ffriendlink]; using defaults.
10915 [02-一月-2018 13:26:26] WARN  (EhCacheProvider.java:93) org.hibernate.cache.EhCacheProvider  - Could not find configuration [encache_.com.ruizton.main.model.Farticletype]; using defaults.
11034 [02-一月-2018 13:26:26] WARN  (EhCacheProvider.java:93) org.hibernate.cache.EhCacheProvider  - Could not find configuration [encache_.com.ruizton.main.model.Fwebbaseinfo]; using defaults.
11088 [02-一月-2018 13:26:26] WARN  (EhCacheProvider.java:93) org.hibernate.cache.EhCacheProvider  - Could not find configuration [encache_.com.ruizton.main.model.Fintrolinfo]; using defaults.
11205 [02-一月-2018 13:26:26] WARN  (EhCacheProvider.java:93) org.hibernate.cache.EhCacheProvider  - Could not find configuration [encache_.com.ruizton.main.model.Flimittrade]; using defaults.
11218 [02-一月-2018 13:26:26] WARN  (EhCacheProvider.java:93) org.hibernate.cache.EhCacheProvider  - Could not find configuration [encache_.com.ruizton.main.model.Fabout]; using defaults.
11321 [02-一月-2018 13:26:26] WARN  (EhCacheProvider.java:93) org.hibernate.cache.EhCacheProvider  - Could not find configuration [encache_.com.ruizton.main.model.TradeApi]; using defaults.
11342 [02-一月-2018 13:26:26] WARN  (EhCacheProvider.java:93) org.hibernate.cache.EhCacheProvider  - Could not find configuration [encache_.com.ruizton.main.model.Farticle]; using defaults.
11677 [02-一月-2018 13:26:26] WARN  (EhCacheProvider.java:93) org.hibernate.cache.EhCacheProvider  - Could not find configuration [encache_.org.hibernate.cache.UpdateTimestampsCache]; using defaults.
11681 [02-一月-2018 13:26:26] WARN  (EhCacheProvider.java:93) org.hibernate.cache.EhCacheProvider  - Could not find configuration [encache_.org.hibernate.cache.StandardQueryCache]; using defaults.
14020 [02-一月-2018 13:26:29] WARN  (CacheManager.java:611) net.sf.ehcache.CacheManager  - Creating a new instance of CacheManager using the diskStorePath "C:\Users\admin\AppData\Local\Temp\" which is already used by an existing CacheManager.
The source of the configuration was net.sf.ehcache.config.generator.ConfigurationSource$InputStreamConfigurationSource@1e4c4fda.
The diskStore path for this CacheManager will be set to C:\Users\admin\AppData\Local\Temp\\ehcache_auto_created_1514870789106.
To avoid this warning consider using the CacheManager factory methods to create a singleton CacheManager or specifying a separate ehcache configuration (ehcache.xml) for each CacheManager instance.
0    [04-一月-2018 12:02:26] WARN  (DeprecationWarning.java:43) org.eclipse.jetty.util.DeprecationWarning  - Using @Deprecated Class org.springframework.web.util.Log4jConfigListener
4140 [04-一月-2018 12:02:31] WARN  (AbstractApplicationContext.java:546) org.springframework.web.context.support.XmlWebApplicationContext  - Exception encountered during context initialization - cancelling refresh attempt: org.springframework.beans.factory.UnsatisfiedDependencyException: Error creating bean with name 'jedisPool' defined in URL [file:/E:/Project/20171215/newsite/zhgtrade-newfront/build/resources/main/applicationContext-redis.xml]: Unsatisfied dependency expressed through constructor argument with index 5 of type [int]: Could not convert constructor argument value of type [java.lang.String] to required type [int]: Failed to convert value of type [java.lang.String] to required type [int]; nested exception is java.lang.NumberFormatException: For input string: "${redis.database}"
Related cause: org.springframework.beans.factory.UnsatisfiedDependencyException: Error creating bean with name 'jedisPool' defined in URL [file:/E:/Project/20171215/newsite/zhgtrade-newfront/build/resources/main/applicationContext-redis.xml]: Unsatisfied dependency expressed through constructor argument with index 3 of type [int]: Ambiguous constructor argument types - did you specify the correct bean references as constructor arguments?
Related cause: org.springframework.beans.factory.UnsatisfiedDependencyException: Error creating bean with name 'jedisPool' defined in URL [file:/E:/Project/20171215/newsite/zhgtrade-newfront/build/resources/main/applicationContext-redis.xml]: Unsatisfied dependency expressed through constructor argument with index 5 of type [int]: Could not convert constructor argument value of type [java.lang.String] to required type [int]: Failed to convert value of type [java.lang.String] to required type [int]; nested exception is java.lang.NumberFormatException: For input string: "${redis.database}"
4155 [04-一月-2018 12:02:31] ERROR (ContextLoader.java:351) org.springframework.web.context.ContextLoader  - Context initialization failed
org.springframework.beans.factory.UnsatisfiedDependencyException: Error creating bean with name 'jedisPool' defined in URL [file:/E:/Project/20171215/newsite/zhgtrade-newfront/build/resources/main/applicationContext-redis.xml]: Unsatisfied dependency expressed through constructor argument with index 5 of type [int]: Could not convert constructor argument value of type [java.lang.String] to required type [int]: Failed to convert value of type [java.lang.String] to required type [int]; nested exception is java.lang.NumberFormatException: For input string: "${redis.database}"
Related cause: org.springframework.beans.factory.UnsatisfiedDependencyException: Error creating bean with name 'jedisPool' defined in URL [file:/E:/Project/20171215/newsite/zhgtrade-newfront/build/resources/main/applicationContext-redis.xml]: Unsatisfied dependency expressed through constructor argument with index 3 of type [int]: Ambiguous constructor argument types - did you specify the correct bean references as constructor arguments?
Related cause: org.springframework.beans.factory.UnsatisfiedDependencyException: Error creating bean with name 'jedisPool' defined in URL [file:/E:/Project/20171215/newsite/zhgtrade-newfront/build/resources/main/applicationContext-redis.xml]: Unsatisfied dependency expressed through constructor argument with index 5 of type [int]: Could not convert constructor argument value of type [java.lang.String] to required type [int]: Failed to convert value of type [java.lang.String] to required type [int]; nested exception is java.lang.NumberFormatException: For input string: "${redis.database}"
	at org.springframework.beans.factory.support.ConstructorResolver.createArgumentArray(ConstructorResolver.java:724)
	at org.springframework.beans.factory.support.ConstructorResolver.autowireConstructor(ConstructorResolver.java:185)
	at org.springframework.beans.factory.support.AbstractAutowireCapableBeanFactory.autowireConstructor(AbstractAutowireCapableBeanFactory.java:1143)
	at org.springframework.beans.factory.support.AbstractAutowireCapableBeanFactory.createBeanInstance(AbstractAutowireCapableBeanFactory.java:1046)
	at org.springframework.beans.factory.support.AbstractAutowireCapableBeanFactory.doCreateBean(AbstractAutowireCapableBeanFactory.java:510)
	at org.springframework.beans.factory.support.AbstractAutowireCapableBeanFactory.createBean(AbstractAutowireCapableBeanFactory.java:482)
	at org.springframework.beans.factory.support.AbstractBeanFactory$1.getObject(AbstractBeanFactory.java:306)
	at org.springframework.beans.factory.support.DefaultSingletonBeanRegistry.getSingleton(DefaultSingletonBeanRegistry.java:230)
	at org.springframework.beans.factory.support.AbstractBeanFactory.doGetBean(AbstractBeanFactory.java:302)
	at org.springframework.beans.factory.support.AbstractBeanFactory.getBean(AbstractBeanFactory.java:197)
	at org.springframework.beans.factory.support.DefaultListableBeanFactory.preInstantiateSingletons(DefaultListableBeanFactory.java:772)
	at org.springframework.context.support.AbstractApplicationContext.finishBeanFactoryInitialization(AbstractApplicationContext.java:839)
	at org.springframework.context.support.AbstractApplicationContext.refresh(AbstractApplicationContext.java:538)
	at org.springframework.web.context.ContextLoader.configureAndRefreshWebApplicationContext(ContextLoader.java:444)
	at org.springframework.web.context.ContextLoader.initWebApplicationContext(ContextLoader.java:326)
	at org.springframework.web.context.ContextLoaderListener.contextInitialized(ContextLoaderListener.java:107)
	at org.eclipse.jetty.server.handler.ContextHandler.callContextInitialized(ContextHandler.java:843)
	at org.eclipse.jetty.servlet.ServletContextHandler.callContextInitialized(ServletContextHandler.java:533)
	at org.eclipse.jetty.server.handler.ContextHandler.startContext(ContextHandler.java:816)
	at org.eclipse.jetty.servlet.ServletContextHandler.startContext(ServletContextHandler.java:345)
	at org.eclipse.jetty.webapp.WebAppContext.startWebapp(WebAppContext.java:1404)
	at org.eclipse.jetty.webapp.WebAppContext.startContext(WebAppContext.java:1366)
	at org.eclipse.jetty.server.handler.ContextHandler.doStart(ContextHandler.java:778)
	at org.eclipse.jetty.servlet.ServletContextHandler.doStart(ServletContextHandler.java:262)
	at org.eclipse.jetty.webapp.WebAppContext.doStart(WebAppContext.java:520)
	at org.eclipse.jetty.util.component.AbstractLifeCycle.start(AbstractLifeCycle.java:68)
	at org.eclipse.jetty.util.component.ContainerLifeCycle.start(ContainerLifeCycle.java:132)
	at org.eclipse.jetty.util.component.ContainerLifeCycle.doStart(ContainerLifeCycle.java:114)
	at org.eclipse.jetty.server.handler.AbstractHandler.doStart(AbstractHandler.java:61)
	at org.eclipse.jetty.util.component.AbstractLifeCycle.start(AbstractLifeCycle.java:68)
	at org.eclipse.jetty.util.component.ContainerLifeCycle.start(ContainerLifeCycle.java:132)
	at org.eclipse.jetty.server.Server.start(Server.java:411)
	at org.eclipse.jetty.util.component.ContainerLifeCycle.doStart(ContainerLifeCycle.java:106)
	at org.eclipse.jetty.server.handler.AbstractHandler.doStart(AbstractHandler.java:61)
	at org.eclipse.jetty.server.Server.doStart(Server.java:378)
	at org.eclipse.jetty.util.component.AbstractLifeCycle.start(AbstractLifeCycle.java:68)
	at main.NewFrontendAppServer.main(NewFrontendAppServer.java:62)
Related cause:
org.springframework.beans.factory.UnsatisfiedDependencyException: Error creating bean with name 'jedisPool' defined in URL [file:/E:/Project/20171215/newsite/zhgtrade-newfront/build/resources/main/applicationContext-redis.xml]: Unsatisfied dependency expressed through constructor argument with index 3 of type [int]: Ambiguous constructor argument types - did you specify the correct bean references as constructor arguments?
	at org.springframework.beans.factory.support.ConstructorResolver.createArgumentArray(ConstructorResolver.java:735)
	at org.springframework.beans.factory.support.ConstructorResolver.autowireConstructor(ConstructorResolver.java:185)
	at org.springframework.beans.factory.support.AbstractAutowireCapableBeanFactory.autowireConstructor(AbstractAutowireCapableBeanFactory.java:1143)
	at org.springframework.beans.factory.support.AbstractAutowireCapableBeanFactory.createBeanInstance(AbstractAutowireCapableBeanFactory.java:1046)
	at org.springframework.beans.factory.support.AbstractAutowireCapableBeanFactory.doCreateBean(AbstractAutowireCapableBeanFactory.java:510)
	at org.springframework.beans.factory.support.AbstractAutowireCapableBeanFactory.createBean(AbstractAutowireCapableBeanFactory.java:482)
	at org.springframework.beans.factory.support.AbstractBeanFactory$1.getObject(AbstractBeanFactory.java:306)
	at org.springframework.beans.factory.support.DefaultSingletonBeanRegistry.getSingleton(DefaultSingletonBeanRegistry.java:230)
	at org.springframework.beans.factory.support.AbstractBeanFactory.doGetBean(AbstractBeanFactory.java:302)
	at org.springframework.beans.factory.support.AbstractBeanFactory.getBean(AbstractBeanFactory.java:197)
	at org.springframework.beans.factory.support.DefaultListableBeanFactory.preInstantiateSingletons(DefaultListableBeanFactory.java:772)
	at org.springframework.context.support.AbstractApplicationContext.finishBeanFactoryInitialization(AbstractApplicationContext.java:839)
	at org.springframework.context.support.AbstractApplicationContext.refresh(AbstractApplicationContext.java:538)
	at org.springframework.web.context.ContextLoader.configureAndRefreshWebApplicationContext(ContextLoader.java:444)
	at org.springframework.web.context.ContextLoader.initWebApplicationContext(ContextLoader.java:326)
	at org.springframework.web.context.ContextLoaderListener.contextInitialized(ContextLoaderListener.java:107)
	at org.eclipse.jetty.server.handler.ContextHandler.callContextInitialized(ContextHandler.java:843)
	at org.eclipse.jetty.servlet.ServletContextHandler.callContextInitialized(ServletContextHandler.java:533)
	at org.eclipse.jetty.server.handler.ContextHandler.startContext(ContextHandler.java:816)
	at org.eclipse.jetty.servlet.ServletContextHandler.startContext(ServletContextHandler.java:345)
	at org.eclipse.jetty.webapp.WebAppContext.startWebapp(WebAppContext.java:1404)
	at org.eclipse.jetty.webapp.WebAppContext.startContext(WebAppContext.java:1366)
	at org.eclipse.jetty.server.handler.ContextHandler.doStart(ContextHandler.java:778)
	at org.eclipse.jetty.servlet.ServletContextHandler.doStart(ServletContextHandler.java:262)
	at org.eclipse.jetty.webapp.WebAppContext.doStart(WebAppContext.java:520)
	at org.eclipse.jetty.util.component.AbstractLifeCycle.start(AbstractLifeCycle.java:68)
	at org.eclipse.jetty.util.component.ContainerLifeCycle.start(ContainerLifeCycle.java:132)
	at org.eclipse.jetty.util.component.ContainerLifeCycle.doStart(ContainerLifeCycle.java:114)
	at org.eclipse.jetty.server.handler.AbstractHandler.doStart(AbstractHandler.java:61)
	at org.eclipse.jetty.util.component.AbstractLifeCycle.start(AbstractLifeCycle.java:68)
	at org.eclipse.jetty.util.component.ContainerLifeCycle.start(ContainerLifeCycle.java:132)
	at org.eclipse.jetty.server.Server.start(Server.java:411)
	at org.eclipse.jetty.util.component.ContainerLifeCycle.doStart(ContainerLifeCycle.java:106)
	at org.eclipse.jetty.server.handler.AbstractHandler.doStart(AbstractHandler.java:61)
	at org.eclipse.jetty.server.Server.doStart(Server.java:378)
	at org.eclipse.jetty.util.component.AbstractLifeCycle.start(AbstractLifeCycle.java:68)
	at main.NewFrontendAppServer.main(NewFrontendAppServer.java:62)
Related cause:
org.springframework.beans.factory.UnsatisfiedDependencyException: Error creating bean with name 'jedisPool' defined in URL [file:/E:/Project/20171215/newsite/zhgtrade-newfront/build/resources/main/applicationContext-redis.xml]: Unsatisfied dependency expressed through constructor argument with index 5 of type [int]: Could not convert constructor argument value of type [java.lang.String] to required type [int]: Failed to convert value of type [java.lang.String] to required type [int]; nested exception is java.lang.NumberFormatException: For input string: "${redis.database}"
	at org.springframework.beans.factory.support.ConstructorResolver.createArgumentArray(ConstructorResolver.java:724)
	at org.springframework.beans.factory.support.ConstructorResolver.autowireConstructor(ConstructorResolver.java:185)
	at org.springframework.beans.factory.support.AbstractAutowireCapableBeanFactory.autowireConstructor(AbstractAutowireCapableBeanFactory.java:1143)
	at org.springframework.beans.factory.support.AbstractAutowireCapableBeanFactory.createBeanInstance(AbstractAutowireCapableBeanFactory.java:1046)
	at org.springframework.beans.factory.support.AbstractAutowireCapableBeanFactory.doCreateBean(AbstractAutowireCapableBeanFactory.java:510)
	at org.springframework.beans.factory.support.AbstractAutowireCapableBeanFactory.createBean(AbstractAutowireCapableBeanFactory.java:482)
	at org.springframework.beans.factory.support.AbstractBeanFactory$1.getObject(AbstractBeanFactory.java:306)
	at org.springframework.beans.factory.support.DefaultSingletonBeanRegistry.getSingleton(DefaultSingletonBeanRegistry.java:230)
	at org.springframework.beans.factory.support.AbstractBeanFactory.doGetBean(AbstractBeanFactory.java:302)
	at org.springframework.beans.factory.support.AbstractBeanFactory.getBean(AbstractBeanFactory.java:197)
	at org.springframework.beans.factory.support.DefaultListableBeanFactory.preInstantiateSingletons(DefaultListableBeanFactory.java:772)
	at org.springframework.context.support.AbstractApplicationContext.finishBeanFactoryInitialization(AbstractApplicationContext.java:839)
	at org.springframework.context.support.AbstractApplicationContext.refresh(AbstractApplicationContext.java:538)
	at org.springframework.web.context.ContextLoader.configureAndRefreshWebApplicationContext(ContextLoader.java:444)
	at org.springframework.web.context.ContextLoader.initWebApplicationContext(ContextLoader.java:326)
	at org.springframework.web.context.ContextLoaderListener.contextInitialized(ContextLoaderListener.java:107)
	at org.eclipse.jetty.server.handler.ContextHandler.callContextInitialized(ContextHandler.java:843)
	at org.eclipse.jetty.servlet.ServletContextHandler.callContextInitialized(ServletContextHandler.java:533)
	at org.eclipse.jetty.server.handler.ContextHandler.startContext(ContextHandler.java:816)
	at org.eclipse.jetty.servlet.ServletContextHandler.startContext(ServletContextHandler.java:345)
	at org.eclipse.jetty.webapp.WebAppContext.startWebapp(WebAppContext.java:1404)
	at org.eclipse.jetty.webapp.WebAppContext.startContext(WebAppContext.java:1366)
	at org.eclipse.jetty.server.handler.ContextHandler.doStart(ContextHandler.java:778)
	at org.eclipse.jetty.servlet.ServletContextHandler.doStart(ServletContextHandler.java:262)
	at org.eclipse.jetty.webapp.WebAppContext.doStart(WebAppContext.java:520)
	at org.eclipse.jetty.util.component.AbstractLifeCycle.start(AbstractLifeCycle.java:68)
	at org.eclipse.jetty.util.component.ContainerLifeCycle.start(ContainerLifeCycle.java:132)
	at org.eclipse.jetty.util.component.ContainerLifeCycle.doStart(ContainerLifeCycle.java:114)
	at org.eclipse.jetty.server.handler.AbstractHandler.doStart(AbstractHandler.java:61)
	at org.eclipse.jetty.util.component.AbstractLifeCycle.start(AbstractLifeCycle.java:68)
	at org.eclipse.jetty.util.component.ContainerLifeCycle.start(ContainerLifeCycle.java:132)
	at org.eclipse.jetty.server.Server.start(Server.java:411)
	at org.eclipse.jetty.util.component.ContainerLifeCycle.doStart(ContainerLifeCycle.java:106)
	at org.eclipse.jetty.server.handler.AbstractHandler.doStart(AbstractHandler.java:61)
	at org.eclipse.jetty.server.Server.doStart(Server.java:378)
	at org.eclipse.jetty.util.component.AbstractLifeCycle.start(AbstractLifeCycle.java:68)
	at main.NewFrontendAppServer.main(NewFrontendAppServer.java:62)
4169 [04-一月-2018 12:02:31] WARN  (WebAppContext.java:529) org.eclipse.jetty.webapp.WebAppContext  - Failed startup of context o.e.j.w.WebAppContext@6587305a{/,file:///E:/Project/20171215/newsite/zhgtrade-newfront/src/main/webapp/,UNAVAILABLE}{zhgtrade-newfront/src/main/webapp}
org.springframework.beans.factory.UnsatisfiedDependencyException: Error creating bean with name 'jedisPool' defined in URL [file:/E:/Project/20171215/newsite/zhgtrade-newfront/build/resources/main/applicationContext-redis.xml]: Unsatisfied dependency expressed through constructor argument with index 5 of type [int]: Could not convert constructor argument value of type [java.lang.String] to required type [int]: Failed to convert value of type [java.lang.String] to required type [int]; nested exception is java.lang.NumberFormatException: For input string: "${redis.database}"
Related cause: org.springframework.beans.factory.UnsatisfiedDependencyException: Error creating bean with name 'jedisPool' defined in URL [file:/E:/Project/20171215/newsite/zhgtrade-newfront/build/resources/main/applicationContext-redis.xml]: Unsatisfied dependency expressed through constructor argument with index 3 of type [int]: Ambiguous constructor argument types - did you specify the correct bean references as constructor arguments?
Related cause: org.springframework.beans.factory.UnsatisfiedDependencyException: Error creating bean with name 'jedisPool' defined in URL [file:/E:/Project/20171215/newsite/zhgtrade-newfront/build/resources/main/applicationContext-redis.xml]: Unsatisfied dependency expressed through constructor argument with index 5 of type [int]: Could not convert constructor argument value of type [java.lang.String] to required type [int]: Failed to convert value of type [java.lang.String] to required type [int]; nested exception is java.lang.NumberFormatException: For input string: "${redis.database}"
	at org.springframework.beans.factory.support.ConstructorResolver.createArgumentArray(ConstructorResolver.java:724)
	at org.springframework.beans.factory.support.ConstructorResolver.autowireConstructor(ConstructorResolver.java:185)
	at org.springframework.beans.factory.support.AbstractAutowireCapableBeanFactory.autowireConstructor(AbstractAutowireCapableBeanFactory.java:1143)
	at org.springframework.beans.factory.support.AbstractAutowireCapableBeanFactory.createBeanInstance(AbstractAutowireCapableBeanFactory.java:1046)
	at org.springframework.beans.factory.support.AbstractAutowireCapableBeanFactory.doCreateBean(AbstractAutowireCapableBeanFactory.java:510)
	at org.springframework.beans.factory.support.AbstractAutowireCapableBeanFactory.createBean(AbstractAutowireCapableBeanFactory.java:482)
	at org.springframework.beans.factory.support.AbstractBeanFactory$1.getObject(AbstractBeanFactory.java:306)
	at org.springframework.beans.factory.support.DefaultSingletonBeanRegistry.getSingleton(DefaultSingletonBeanRegistry.java:230)
	at org.springframework.beans.factory.support.AbstractBeanFactory.doGetBean(AbstractBeanFactory.java:302)
	at org.springframework.beans.factory.support.AbstractBeanFactory.getBean(AbstractBeanFactory.java:197)
	at org.springframework.beans.factory.support.DefaultListableBeanFactory.preInstantiateSingletons(DefaultListableBeanFactory.java:772)
	at org.springframework.context.support.AbstractApplicationContext.finishBeanFactoryInitialization(AbstractApplicationContext.java:839)
	at org.springframework.context.support.AbstractApplicationContext.refresh(AbstractApplicationContext.java:538)
	at org.springframework.web.context.ContextLoader.configureAndRefreshWebApplicationContext(ContextLoader.java:444)
	at org.springframework.web.context.ContextLoader.initWebApplicationContext(ContextLoader.java:326)
	at org.springframework.web.context.ContextLoaderListener.contextInitialized(ContextLoaderListener.java:107)
	at org.eclipse.jetty.server.handler.ContextHandler.callContextInitialized(ContextHandler.java:843)
	at org.eclipse.jetty.servlet.ServletContextHandler.callContextInitialized(ServletContextHandler.java:533)
	at org.eclipse.jetty.server.handler.ContextHandler.startContext(ContextHandler.java:816)
	at org.eclipse.jetty.servlet.ServletContextHandler.startContext(ServletContextHandler.java:345)
	at org.eclipse.jetty.webapp.WebAppContext.startWebapp(WebAppContext.java:1404)
	at org.eclipse.jetty.webapp.WebAppContext.startContext(WebAppContext.java:1366)
	at org.eclipse.jetty.server.handler.ContextHandler.doStart(ContextHandler.java:778)
	at org.eclipse.jetty.servlet.ServletContextHandler.doStart(ServletContextHandler.java:262)
	at org.eclipse.jetty.webapp.WebAppContext.doStart(WebAppContext.java:520)
	at org.eclipse.jetty.util.component.AbstractLifeCycle.start(AbstractLifeCycle.java:68)
	at org.eclipse.jetty.util.component.ContainerLifeCycle.start(ContainerLifeCycle.java:132)
	at org.eclipse.jetty.util.component.ContainerLifeCycle.doStart(ContainerLifeCycle.java:114)
	at org.eclipse.jetty.server.handler.AbstractHandler.doStart(AbstractHandler.java:61)
	at org.eclipse.jetty.util.component.AbstractLifeCycle.start(AbstractLifeCycle.java:68)
	at org.eclipse.jetty.util.component.ContainerLifeCycle.start(ContainerLifeCycle.java:132)
	at org.eclipse.jetty.server.Server.start(Server.java:411)
	at org.eclipse.jetty.util.component.ContainerLifeCycle.doStart(ContainerLifeCycle.java:106)
	at org.eclipse.jetty.server.handler.AbstractHandler.doStart(AbstractHandler.java:61)
	at org.eclipse.jetty.server.Server.doStart(Server.java:378)
	at org.eclipse.jetty.util.component.AbstractLifeCycle.start(AbstractLifeCycle.java:68)
	at main.NewFrontendAppServer.main(NewFrontendAppServer.java:62)
Related cause:
org.springframework.beans.factory.UnsatisfiedDependencyException: Error creating bean with name 'jedisPool' defined in URL [file:/E:/Project/20171215/newsite/zhgtrade-newfront/build/resources/main/applicationContext-redis.xml]: Unsatisfied dependency expressed through constructor argument with index 3 of type [int]: Ambiguous constructor argument types - did you specify the correct bean references as constructor arguments?
	at org.springframework.beans.factory.support.ConstructorResolver.createArgumentArray(ConstructorResolver.java:735)
	at org.springframework.beans.factory.support.ConstructorResolver.autowireConstructor(ConstructorResolver.java:185)
	at org.springframework.beans.factory.support.AbstractAutowireCapableBeanFactory.autowireConstructor(AbstractAutowireCapableBeanFactory.java:1143)
	at org.springframework.beans.factory.support.AbstractAutowireCapableBeanFactory.createBeanInstance(AbstractAutowireCapableBeanFactory.java:1046)
	at org.springframework.beans.factory.support.AbstractAutowireCapableBeanFactory.doCreateBean(AbstractAutowireCapableBeanFactory.java:510)
	at org.springframework.beans.factory.support.AbstractAutowireCapableBeanFactory.createBean(AbstractAutowireCapableBeanFactory.java:482)
	at org.springframework.beans.factory.support.AbstractBeanFactory$1.getObject(AbstractBeanFactory.java:306)
	at org.springframework.beans.factory.support.DefaultSingletonBeanRegistry.getSingleton(DefaultSingletonBeanRegistry.java:230)
	at org.springframework.beans.factory.support.AbstractBeanFactory.doGetBean(AbstractBeanFactory.java:302)
	at org.springframework.beans.factory.support.AbstractBeanFactory.getBean(AbstractBeanFactory.java:197)
	at org.springframework.beans.factory.support.DefaultListableBeanFactory.preInstantiateSingletons(DefaultListableBeanFactory.java:772)
	at org.springframework.context.support.AbstractApplicationContext.finishBeanFactoryInitialization(AbstractApplicationContext.java:839)
	at org.springframework.context.support.AbstractApplicationContext.refresh(AbstractApplicationContext.java:538)
	at org.springframework.web.context.ContextLoader.configureAndRefreshWebApplicationContext(ContextLoader.java:444)
	at org.springframework.web.context.ContextLoader.initWebApplicationContext(ContextLoader.java:326)
	at org.springframework.web.context.ContextLoaderListener.contextInitialized(ContextLoaderListener.java:107)
	at org.eclipse.jetty.server.handler.ContextHandler.callContextInitialized(ContextHandler.java:843)
	at org.eclipse.jetty.servlet.ServletContextHandler.callContextInitialized(ServletContextHandler.java:533)
	at org.eclipse.jetty.server.handler.ContextHandler.startContext(ContextHandler.java:816)
	at org.eclipse.jetty.servlet.ServletContextHandler.startContext(ServletContextHandler.java:345)
	at org.eclipse.jetty.webapp.WebAppContext.startWebapp(WebAppContext.java:1404)
	at org.eclipse.jetty.webapp.WebAppContext.startContext(WebAppContext.java:1366)
	at org.eclipse.jetty.server.handler.ContextHandler.doStart(ContextHandler.java:778)
	at org.eclipse.jetty.servlet.ServletContextHandler.doStart(ServletContextHandler.java:262)
	at org.eclipse.jetty.webapp.WebAppContext.doStart(WebAppContext.java:520)
	at org.eclipse.jetty.util.component.AbstractLifeCycle.start(AbstractLifeCycle.java:68)
	at org.eclipse.jetty.util.component.ContainerLifeCycle.start(ContainerLifeCycle.java:132)
	at org.eclipse.jetty.util.component.ContainerLifeCycle.doStart(ContainerLifeCycle.java:114)
	at org.eclipse.jetty.server.handler.AbstractHandler.doStart(AbstractHandler.java:61)
	at org.eclipse.jetty.util.component.AbstractLifeCycle.start(AbstractLifeCycle.java:68)
	at org.eclipse.jetty.util.component.ContainerLifeCycle.start(ContainerLifeCycle.java:132)
	at org.eclipse.jetty.server.Server.start(Server.java:411)
	at org.eclipse.jetty.util.component.ContainerLifeCycle.doStart(ContainerLifeCycle.java:106)
	at org.eclipse.jetty.server.handler.AbstractHandler.doStart(AbstractHandler.java:61)
	at org.eclipse.jetty.server.Server.doStart(Server.java:378)
	at org.eclipse.jetty.util.component.AbstractLifeCycle.start(AbstractLifeCycle.java:68)
	at main.NewFrontendAppServer.main(NewFrontendAppServer.java:62)
Related cause:
org.springframework.beans.factory.UnsatisfiedDependencyException: Error creating bean with name 'jedisPool' defined in URL [file:/E:/Project/20171215/newsite/zhgtrade-newfront/build/resources/main/applicationContext-redis.xml]: Unsatisfied dependency expressed through constructor argument with index 5 of type [int]: Could not convert constructor argument value of type [java.lang.String] to required type [int]: Failed to convert value of type [java.lang.String] to required type [int]; nested exception is java.lang.NumberFormatException: For input string: "${redis.database}"
	at org.springframework.beans.factory.support.ConstructorResolver.createArgumentArray(ConstructorResolver.java:724)
	at org.springframework.beans.factory.support.ConstructorResolver.autowireConstructor(ConstructorResolver.java:185)
	at org.springframework.beans.factory.support.AbstractAutowireCapableBeanFactory.autowireConstructor(AbstractAutowireCapableBeanFactory.java:1143)
	at org.springframework.beans.factory.support.AbstractAutowireCapableBeanFactory.createBeanInstance(AbstractAutowireCapableBeanFactory.java:1046)
	at org.springframework.beans.factory.support.AbstractAutowireCapableBeanFactory.doCreateBean(AbstractAutowireCapableBeanFactory.java:510)
	at org.springframework.beans.factory.support.AbstractAutowireCapableBeanFactory.createBean(AbstractAutowireCapableBeanFactory.java:482)
	at org.springframework.beans.factory.support.AbstractBeanFactory$1.getObject(AbstractBeanFactory.java:306)
	at org.springframework.beans.factory.support.DefaultSingletonBeanRegistry.getSingleton(DefaultSingletonBeanRegistry.java:230)
	at org.springframework.beans.factory.support.AbstractBeanFactory.doGetBean(AbstractBeanFactory.java:302)
	at org.springframework.beans.factory.support.AbstractBeanFactory.getBean(AbstractBeanFactory.java:197)
	at org.springframework.beans.factory.support.DefaultListableBeanFactory.preInstantiateSingletons(DefaultListableBeanFactory.java:772)
	at org.springframework.context.support.AbstractApplicationContext.finishBeanFactoryInitialization(AbstractApplicationContext.java:839)
	at org.springframework.context.support.AbstractApplicationContext.refresh(AbstractApplicationContext.java:538)
	at org.springframework.web.context.ContextLoader.configureAndRefreshWebApplicationContext(ContextLoader.java:444)
	at org.springframework.web.context.ContextLoader.initWebApplicationContext(ContextLoader.java:326)
	at org.springframework.web.context.ContextLoaderListener.contextInitialized(ContextLoaderListener.java:107)
	at org.eclipse.jetty.server.handler.ContextHandler.callContextInitialized(ContextHandler.java:843)
	at org.eclipse.jetty.servlet.ServletContextHandler.callContextInitialized(ServletContextHandler.java:533)
	at org.eclipse.jetty.server.handler.ContextHandler.startContext(ContextHandler.java:816)
	at org.eclipse.jetty.servlet.ServletContextHandler.startContext(ServletContextHandler.java:345)
	at org.eclipse.jetty.webapp.WebAppContext.startWebapp(WebAppContext.java:1404)
	at org.eclipse.jetty.webapp.WebAppContext.startContext(WebAppContext.java:1366)
	at org.eclipse.jetty.server.handler.ContextHandler.doStart(ContextHandler.java:778)
	at org.eclipse.jetty.servlet.ServletContextHandler.doStart(ServletContextHandler.java:262)
	at org.eclipse.jetty.webapp.WebAppContext.doStart(WebAppContext.java:520)
	at org.eclipse.jetty.util.component.AbstractLifeCycle.start(AbstractLifeCycle.java:68)
	at org.eclipse.jetty.util.component.ContainerLifeCycle.start(ContainerLifeCycle.java:132)
	at org.eclipse.jetty.util.component.ContainerLifeCycle.doStart(ContainerLifeCycle.java:114)
	at org.eclipse.jetty.server.handler.AbstractHandler.doStart(AbstractHandler.java:61)
	at org.eclipse.jetty.util.component.AbstractLifeCycle.start(AbstractLifeCycle.java:68)
	at org.eclipse.jetty.util.component.ContainerLifeCycle.start(ContainerLifeCycle.java:132)
	at org.eclipse.jetty.server.Server.start(Server.java:411)
	at org.eclipse.jetty.util.component.ContainerLifeCycle.doStart(ContainerLifeCycle.java:106)
	at org.eclipse.jetty.server.handler.AbstractHandler.doStart(AbstractHandler.java:61)
	at org.eclipse.jetty.server.Server.doStart(Server.java:378)
	at org.eclipse.jetty.util.component.AbstractLifeCycle.start(AbstractLifeCycle.java:68)
	at main.NewFrontendAppServer.main(NewFrontendAppServer.java:62)
0    [04-一月-2018 12:56:54] WARN  (DeprecationWarning.java:43) org.eclipse.jetty.util.DeprecationWarning  - Using @Deprecated Class org.springframework.web.util.Log4jConfigListener
4779 [04-一月-2018 12:56:59] WARN  (AbstractApplicationContext.java:546) org.springframework.web.context.support.XmlWebApplicationContext  - Exception encountered during context initialization - cancelling refresh attempt: org.springframework.beans.factory.UnsatisfiedDependencyException: Error creating bean with name 'jedisPool' defined in URL [file:/E:/Project/20171215/newsite/zhgtrade-newfront/build/resources/main/applicationContext-redis.xml]: Unsatisfied dependency expressed through constructor argument with index 5 of type [int]: Could not convert constructor argument value of type [java.lang.String] to required type [int]: Failed to convert value of type [java.lang.String] to required type [int]; nested exception is java.lang.NumberFormatException: For input string: "${redis.database}"
Related cause: org.springframework.beans.factory.UnsatisfiedDependencyException: Error creating bean with name 'jedisPool' defined in URL [file:/E:/Project/20171215/newsite/zhgtrade-newfront/build/resources/main/applicationContext-redis.xml]: Unsatisfied dependency expressed through constructor argument with index 3 of type [int]: Ambiguous constructor argument types - did you specify the correct bean references as constructor arguments?
Related cause: org.springframework.beans.factory.UnsatisfiedDependencyException: Error creating bean with name 'jedisPool' defined in URL [file:/E:/Project/20171215/newsite/zhgtrade-newfront/build/resources/main/applicationContext-redis.xml]: Unsatisfied dependency expressed through constructor argument with index 5 of type [int]: Could not convert constructor argument value of type [java.lang.String] to required type [int]: Failed to convert value of type [java.lang.String] to required type [int]; nested exception is java.lang.NumberFormatException: For input string: "${redis.database}"
4804 [04-一月-2018 12:56:59] ERROR (ContextLoader.java:351) org.springframework.web.context.ContextLoader  - Context initialization failed
org.springframework.beans.factory.UnsatisfiedDependencyException: Error creating bean with name 'jedisPool' defined in URL [file:/E:/Project/20171215/newsite/zhgtrade-newfront/build/resources/main/applicationContext-redis.xml]: Unsatisfied dependency expressed through constructor argument with index 5 of type [int]: Could not convert constructor argument value of type [java.lang.String] to required type [int]: Failed to convert value of type [java.lang.String] to required type [int]; nested exception is java.lang.NumberFormatException: For input string: "${redis.database}"
Related cause: org.springframework.beans.factory.UnsatisfiedDependencyException: Error creating bean with name 'jedisPool' defined in URL [file:/E:/Project/20171215/newsite/zhgtrade-newfront/build/resources/main/applicationContext-redis.xml]: Unsatisfied dependency expressed through constructor argument with index 3 of type [int]: Ambiguous constructor argument types - did you specify the correct bean references as constructor arguments?
Related cause: org.springframework.beans.factory.UnsatisfiedDependencyException: Error creating bean with name 'jedisPool' defined in URL [file:/E:/Project/20171215/newsite/zhgtrade-newfront/build/resources/main/applicationContext-redis.xml]: Unsatisfied dependency expressed through constructor argument with index 5 of type [int]: Could not convert constructor argument value of type [java.lang.String] to required type [int]: Failed to convert value of type [java.lang.String] to required type [int]; nested exception is java.lang.NumberFormatException: For input string: "${redis.database}"
	at org.springframework.beans.factory.support.ConstructorResolver.createArgumentArray(ConstructorResolver.java:724)
	at org.springframework.beans.factory.support.ConstructorResolver.autowireConstructor(ConstructorResolver.java:185)
	at org.springframework.beans.factory.support.AbstractAutowireCapableBeanFactory.autowireConstructor(AbstractAutowireCapableBeanFactory.java:1143)
	at org.springframework.beans.factory.support.AbstractAutowireCapableBeanFactory.createBeanInstance(AbstractAutowireCapableBeanFactory.java:1046)
	at org.springframework.beans.factory.support.AbstractAutowireCapableBeanFactory.doCreateBean(AbstractAutowireCapableBeanFactory.java:510)
	at org.springframework.beans.factory.support.AbstractAutowireCapableBeanFactory.createBean(AbstractAutowireCapableBeanFactory.java:482)
	at org.springframework.beans.factory.support.AbstractBeanFactory$1.getObject(AbstractBeanFactory.java:306)
	at org.springframework.beans.factory.support.DefaultSingletonBeanRegistry.getSingleton(DefaultSingletonBeanRegistry.java:230)
	at org.springframework.beans.factory.support.AbstractBeanFactory.doGetBean(AbstractBeanFactory.java:302)
	at org.springframework.beans.factory.support.AbstractBeanFactory.getBean(AbstractBeanFactory.java:197)
	at org.springframework.beans.factory.support.DefaultListableBeanFactory.preInstantiateSingletons(DefaultListableBeanFactory.java:772)
	at org.springframework.context.support.AbstractApplicationContext.finishBeanFactoryInitialization(AbstractApplicationContext.java:839)
	at org.springframework.context.support.AbstractApplicationContext.refresh(AbstractApplicationContext.java:538)
	at org.springframework.web.context.ContextLoader.configureAndRefreshWebApplicationContext(ContextLoader.java:444)
	at org.springframework.web.context.ContextLoader.initWebApplicationContext(ContextLoader.java:326)
	at org.springframework.web.context.ContextLoaderListener.contextInitialized(ContextLoaderListener.java:107)
	at org.eclipse.jetty.server.handler.ContextHandler.callContextInitialized(ContextHandler.java:843)
	at org.eclipse.jetty.servlet.ServletContextHandler.callContextInitialized(ServletContextHandler.java:533)
	at org.eclipse.jetty.server.handler.ContextHandler.startContext(ContextHandler.java:816)
	at org.eclipse.jetty.servlet.ServletContextHandler.startContext(ServletContextHandler.java:345)
	at org.eclipse.jetty.webapp.WebAppContext.startWebapp(WebAppContext.java:1404)
	at org.eclipse.jetty.webapp.WebAppContext.startContext(WebAppContext.java:1366)
	at org.eclipse.jetty.server.handler.ContextHandler.doStart(ContextHandler.java:778)
	at org.eclipse.jetty.servlet.ServletContextHandler.doStart(ServletContextHandler.java:262)
	at org.eclipse.jetty.webapp.WebAppContext.doStart(WebAppContext.java:520)
	at org.eclipse.jetty.util.component.AbstractLifeCycle.start(AbstractLifeCycle.java:68)
	at org.eclipse.jetty.util.component.ContainerLifeCycle.start(ContainerLifeCycle.java:132)
	at org.eclipse.jetty.util.component.ContainerLifeCycle.doStart(ContainerLifeCycle.java:114)
	at org.eclipse.jetty.server.handler.AbstractHandler.doStart(AbstractHandler.java:61)
	at org.eclipse.jetty.util.component.AbstractLifeCycle.start(AbstractLifeCycle.java:68)
	at org.eclipse.jetty.util.component.ContainerLifeCycle.start(ContainerLifeCycle.java:132)
	at org.eclipse.jetty.server.Server.start(Server.java:411)
	at org.eclipse.jetty.util.component.ContainerLifeCycle.doStart(ContainerLifeCycle.java:106)
	at org.eclipse.jetty.server.handler.AbstractHandler.doStart(AbstractHandler.java:61)
	at org.eclipse.jetty.server.Server.doStart(Server.java:378)
	at org.eclipse.jetty.util.component.AbstractLifeCycle.start(AbstractLifeCycle.java:68)
	at main.NewFrontendAppServer.main(NewFrontendAppServer.java:62)
Related cause:
org.springframework.beans.factory.UnsatisfiedDependencyException: Error creating bean with name 'jedisPool' defined in URL [file:/E:/Project/20171215/newsite/zhgtrade-newfront/build/resources/main/applicationContext-redis.xml]: Unsatisfied dependency expressed through constructor argument with index 3 of type [int]: Ambiguous constructor argument types - did you specify the correct bean references as constructor arguments?
	at org.springframework.beans.factory.support.ConstructorResolver.createArgumentArray(ConstructorResolver.java:735)
	at org.springframework.beans.factory.support.ConstructorResolver.autowireConstructor(ConstructorResolver.java:185)
	at org.springframework.beans.factory.support.AbstractAutowireCapableBeanFactory.autowireConstructor(AbstractAutowireCapableBeanFactory.java:1143)
	at org.springframework.beans.factory.support.AbstractAutowireCapableBeanFactory.createBeanInstance(AbstractAutowireCapableBeanFactory.java:1046)
	at org.springframework.beans.factory.support.AbstractAutowireCapableBeanFactory.doCreateBean(AbstractAutowireCapableBeanFactory.java:510)
	at org.springframework.beans.factory.support.AbstractAutowireCapableBeanFactory.createBean(AbstractAutowireCapableBeanFactory.java:482)
	at org.springframework.beans.factory.support.AbstractBeanFactory$1.getObject(AbstractBeanFactory.java:306)
	at org.springframework.beans.factory.support.DefaultSingletonBeanRegistry.getSingleton(DefaultSingletonBeanRegistry.java:230)
	at org.springframework.beans.factory.support.AbstractBeanFactory.doGetBean(AbstractBeanFactory.java:302)
	at org.springframework.beans.factory.support.AbstractBeanFactory.getBean(AbstractBeanFactory.java:197)
	at org.springframework.beans.factory.support.DefaultListableBeanFactory.preInstantiateSingletons(DefaultListableBeanFactory.java:772)
	at org.springframework.context.support.AbstractApplicationContext.finishBeanFactoryInitialization(AbstractApplicationContext.java:839)
	at org.springframework.context.support.AbstractApplicationContext.refresh(AbstractApplicationContext.java:538)
	at org.springframework.web.context.ContextLoader.configureAndRefreshWebApplicationContext(ContextLoader.java:444)
	at org.springframework.web.context.ContextLoader.initWebApplicationContext(ContextLoader.java:326)
	at org.springframework.web.context.ContextLoaderListener.contextInitialized(ContextLoaderListener.java:107)
	at org.eclipse.jetty.server.handler.ContextHandler.callContextInitialized(ContextHandler.java:843)
	at org.eclipse.jetty.servlet.ServletContextHandler.callContextInitialized(ServletContextHandler.java:533)
	at org.eclipse.jetty.server.handler.ContextHandler.startContext(ContextHandler.java:816)
	at org.eclipse.jetty.servlet.ServletContextHandler.startContext(ServletContextHandler.java:345)
	at org.eclipse.jetty.webapp.WebAppContext.startWebapp(WebAppContext.java:1404)
	at org.eclipse.jetty.webapp.WebAppContext.startContext(WebAppContext.java:1366)
	at org.eclipse.jetty.server.handler.ContextHandler.doStart(ContextHandler.java:778)
	at org.eclipse.jetty.servlet.ServletContextHandler.doStart(ServletContextHandler.java:262)
	at org.eclipse.jetty.webapp.WebAppContext.doStart(WebAppContext.java:520)
	at org.eclipse.jetty.util.component.AbstractLifeCycle.start(AbstractLifeCycle.java:68)
	at org.eclipse.jetty.util.component.ContainerLifeCycle.start(ContainerLifeCycle.java:132)
	at org.eclipse.jetty.util.component.ContainerLifeCycle.doStart(ContainerLifeCycle.java:114)
	at org.eclipse.jetty.server.handler.AbstractHandler.doStart(AbstractHandler.java:61)
	at org.eclipse.jetty.util.component.AbstractLifeCycle.start(AbstractLifeCycle.java:68)
	at org.eclipse.jetty.util.component.ContainerLifeCycle.start(ContainerLifeCycle.java:132)
	at org.eclipse.jetty.server.Server.start(Server.java:411)
	at org.eclipse.jetty.util.component.ContainerLifeCycle.doStart(ContainerLifeCycle.java:106)
	at org.eclipse.jetty.server.handler.AbstractHandler.doStart(AbstractHandler.java:61)
	at org.eclipse.jetty.server.Server.doStart(Server.java:378)
	at org.eclipse.jetty.util.component.AbstractLifeCycle.start(AbstractLifeCycle.java:68)
	at main.NewFrontendAppServer.main(NewFrontendAppServer.java:62)
Related cause:
org.springframework.beans.factory.UnsatisfiedDependencyException: Error creating bean with name 'jedisPool' defined in URL [file:/E:/Project/20171215/newsite/zhgtrade-newfront/build/resources/main/applicationContext-redis.xml]: Unsatisfied dependency expressed through constructor argument with index 5 of type [int]: Could not convert constructor argument value of type [java.lang.String] to required type [int]: Failed to convert value of type [java.lang.String] to required type [int]; nested exception is java.lang.NumberFormatException: For input string: "${redis.database}"
	at org.springframework.beans.factory.support.ConstructorResolver.createArgumentArray(ConstructorResolver.java:724)
	at org.springframework.beans.factory.support.ConstructorResolver.autowireConstructor(ConstructorResolver.java:185)
	at org.springframework.beans.factory.support.AbstractAutowireCapableBeanFactory.autowireConstructor(AbstractAutowireCapableBeanFactory.java:1143)
	at org.springframework.beans.factory.support.AbstractAutowireCapableBeanFactory.createBeanInstance(AbstractAutowireCapableBeanFactory.java:1046)
	at org.springframework.beans.factory.support.AbstractAutowireCapableBeanFactory.doCreateBean(AbstractAutowireCapableBeanFactory.java:510)
	at org.springframework.beans.factory.support.AbstractAutowireCapableBeanFactory.createBean(AbstractAutowireCapableBeanFactory.java:482)
	at org.springframework.beans.factory.support.AbstractBeanFactory$1.getObject(AbstractBeanFactory.java:306)
	at org.springframework.beans.factory.support.DefaultSingletonBeanRegistry.getSingleton(DefaultSingletonBeanRegistry.java:230)
	at org.springframework.beans.factory.support.AbstractBeanFactory.doGetBean(AbstractBeanFactory.java:302)
	at org.springframework.beans.factory.support.AbstractBeanFactory.getBean(AbstractBeanFactory.java:197)
	at org.springframework.beans.factory.support.DefaultListableBeanFactory.preInstantiateSingletons(DefaultListableBeanFactory.java:772)
	at org.springframework.context.support.AbstractApplicationContext.finishBeanFactoryInitialization(AbstractApplicationContext.java:839)
	at org.springframework.context.support.AbstractApplicationContext.refresh(AbstractApplicationContext.java:538)
	at org.springframework.web.context.ContextLoader.configureAndRefreshWebApplicationContext(ContextLoader.java:444)
	at org.springframework.web.context.ContextLoader.initWebApplicationContext(ContextLoader.java:326)
	at org.springframework.web.context.ContextLoaderListener.contextInitialized(ContextLoaderListener.java:107)
	at org.eclipse.jetty.server.handler.ContextHandler.callContextInitialized(ContextHandler.java:843)
	at org.eclipse.jetty.servlet.ServletContextHandler.callContextInitialized(ServletContextHandler.java:533)
	at org.eclipse.jetty.server.handler.ContextHandler.startContext(ContextHandler.java:816)
	at org.eclipse.jetty.servlet.ServletContextHandler.startContext(ServletContextHandler.java:345)
	at org.eclipse.jetty.webapp.WebAppContext.startWebapp(WebAppContext.java:1404)
	at org.eclipse.jetty.webapp.WebAppContext.startContext(WebAppContext.java:1366)
	at org.eclipse.jetty.server.handler.ContextHandler.doStart(ContextHandler.java:778)
	at org.eclipse.jetty.servlet.ServletContextHandler.doStart(ServletContextHandler.java:262)
	at org.eclipse.jetty.webapp.WebAppContext.doStart(WebAppContext.java:520)
	at org.eclipse.jetty.util.component.AbstractLifeCycle.start(AbstractLifeCycle.java:68)
	at org.eclipse.jetty.util.component.ContainerLifeCycle.start(ContainerLifeCycle.java:132)
	at org.eclipse.jetty.util.component.ContainerLifeCycle.doStart(ContainerLifeCycle.java:114)
	at org.eclipse.jetty.server.handler.AbstractHandler.doStart(AbstractHandler.java:61)
	at org.eclipse.jetty.util.component.AbstractLifeCycle.start(AbstractLifeCycle.java:68)
	at org.eclipse.jetty.util.component.ContainerLifeCycle.start(ContainerLifeCycle.java:132)
	at org.eclipse.jetty.server.Server.start(Server.java:411)
	at org.eclipse.jetty.util.component.ContainerLifeCycle.doStart(ContainerLifeCycle.java:106)
	at org.eclipse.jetty.server.handler.AbstractHandler.doStart(AbstractHandler.java:61)
	at org.eclipse.jetty.server.Server.doStart(Server.java:378)
	at org.eclipse.jetty.util.component.AbstractLifeCycle.start(AbstractLifeCycle.java:68)
	at main.NewFrontendAppServer.main(NewFrontendAppServer.java:62)
4820 [04-一月-2018 12:56:59] WARN  (WebAppContext.java:529) org.eclipse.jetty.webapp.WebAppContext  - Failed startup of context o.e.j.w.WebAppContext@cb39552{/,file:///E:/Project/20171215/newsite/zhgtrade-newfront/src/main/webapp/,UNAVAILABLE}{zhgtrade-newfront/src/main/webapp}
org.springframework.beans.factory.UnsatisfiedDependencyException: Error creating bean with name 'jedisPool' defined in URL [file:/E:/Project/20171215/newsite/zhgtrade-newfront/build/resources/main/applicationContext-redis.xml]: Unsatisfied dependency expressed through constructor argument with index 5 of type [int]: Could not convert constructor argument value of type [java.lang.String] to required type [int]: Failed to convert value of type [java.lang.String] to required type [int]; nested exception is java.lang.NumberFormatException: For input string: "${redis.database}"
Related cause: org.springframework.beans.factory.UnsatisfiedDependencyException: Error creating bean with name 'jedisPool' defined in URL [file:/E:/Project/20171215/newsite/zhgtrade-newfront/build/resources/main/applicationContext-redis.xml]: Unsatisfied dependency expressed through constructor argument with index 3 of type [int]: Ambiguous constructor argument types - did you specify the correct bean references as constructor arguments?
Related cause: org.springframework.beans.factory.UnsatisfiedDependencyException: Error creating bean with name 'jedisPool' defined in URL [file:/E:/Project/20171215/newsite/zhgtrade-newfront/build/resources/main/applicationContext-redis.xml]: Unsatisfied dependency expressed through constructor argument with index 5 of type [int]: Could not convert constructor argument value of type [java.lang.String] to required type [int]: Failed to convert value of type [java.lang.String] to required type [int]; nested exception is java.lang.NumberFormatException: For input string: "${redis.database}"
	at org.springframework.beans.factory.support.ConstructorResolver.createArgumentArray(ConstructorResolver.java:724)
	at org.springframework.beans.factory.support.ConstructorResolver.autowireConstructor(ConstructorResolver.java:185)
	at org.springframework.beans.factory.support.AbstractAutowireCapableBeanFactory.autowireConstructor(AbstractAutowireCapableBeanFactory.java:1143)
	at org.springframework.beans.factory.support.AbstractAutowireCapableBeanFactory.createBeanInstance(AbstractAutowireCapableBeanFactory.java:1046)
	at org.springframework.beans.factory.support.AbstractAutowireCapableBeanFactory.doCreateBean(AbstractAutowireCapableBeanFactory.java:510)
	at org.springframework.beans.factory.support.AbstractAutowireCapableBeanFactory.createBean(AbstractAutowireCapableBeanFactory.java:482)
	at org.springframework.beans.factory.support.AbstractBeanFactory$1.getObject(AbstractBeanFactory.java:306)
	at org.springframework.beans.factory.support.DefaultSingletonBeanRegistry.getSingleton(DefaultSingletonBeanRegistry.java:230)
	at org.springframework.beans.factory.support.AbstractBeanFactory.doGetBean(AbstractBeanFactory.java:302)
	at org.springframework.beans.factory.support.AbstractBeanFactory.getBean(AbstractBeanFactory.java:197)
	at org.springframework.beans.factory.support.DefaultListableBeanFactory.preInstantiateSingletons(DefaultListableBeanFactory.java:772)
	at org.springframework.context.support.AbstractApplicationContext.finishBeanFactoryInitialization(AbstractApplicationContext.java:839)
	at org.springframework.context.support.AbstractApplicationContext.refresh(AbstractApplicationContext.java:538)
	at org.springframework.web.context.ContextLoader.configureAndRefreshWebApplicationContext(ContextLoader.java:444)
	at org.springframework.web.context.ContextLoader.initWebApplicationContext(ContextLoader.java:326)
	at org.springframework.web.context.ContextLoaderListener.contextInitialized(ContextLoaderListener.java:107)
	at org.eclipse.jetty.server.handler.ContextHandler.callContextInitialized(ContextHandler.java:843)
	at org.eclipse.jetty.servlet.ServletContextHandler.callContextInitialized(ServletContextHandler.java:533)
	at org.eclipse.jetty.server.handler.ContextHandler.startContext(ContextHandler.java:816)
	at org.eclipse.jetty.servlet.ServletContextHandler.startContext(ServletContextHandler.java:345)
	at org.eclipse.jetty.webapp.WebAppContext.startWebapp(WebAppContext.java:1404)
	at org.eclipse.jetty.webapp.WebAppContext.startContext(WebAppContext.java:1366)
	at org.eclipse.jetty.server.handler.ContextHandler.doStart(ContextHandler.java:778)
	at org.eclipse.jetty.servlet.ServletContextHandler.doStart(ServletContextHandler.java:262)
	at org.eclipse.jetty.webapp.WebAppContext.doStart(WebAppContext.java:520)
	at org.eclipse.jetty.util.component.AbstractLifeCycle.start(AbstractLifeCycle.java:68)
	at org.eclipse.jetty.util.component.ContainerLifeCycle.start(ContainerLifeCycle.java:132)
	at org.eclipse.jetty.util.component.ContainerLifeCycle.doStart(ContainerLifeCycle.java:114)
	at org.eclipse.jetty.server.handler.AbstractHandler.doStart(AbstractHandler.java:61)
	at org.eclipse.jetty.util.component.AbstractLifeCycle.start(AbstractLifeCycle.java:68)
	at org.eclipse.jetty.util.component.ContainerLifeCycle.start(ContainerLifeCycle.java:132)
	at org.eclipse.jetty.server.Server.start(Server.java:411)
	at org.eclipse.jetty.util.component.ContainerLifeCycle.doStart(ContainerLifeCycle.java:106)
	at org.eclipse.jetty.server.handler.AbstractHandler.doStart(AbstractHandler.java:61)
	at org.eclipse.jetty.server.Server.doStart(Server.java:378)
	at org.eclipse.jetty.util.component.AbstractLifeCycle.start(AbstractLifeCycle.java:68)
	at main.NewFrontendAppServer.main(NewFrontendAppServer.java:62)
Related cause:
org.springframework.beans.factory.UnsatisfiedDependencyException: Error creating bean with name 'jedisPool' defined in URL [file:/E:/Project/20171215/newsite/zhgtrade-newfront/build/resources/main/applicationContext-redis.xml]: Unsatisfied dependency expressed through constructor argument with index 3 of type [int]: Ambiguous constructor argument types - did you specify the correct bean references as constructor arguments?
	at org.springframework.beans.factory.support.ConstructorResolver.createArgumentArray(ConstructorResolver.java:735)
	at org.springframework.beans.factory.support.ConstructorResolver.autowireConstructor(ConstructorResolver.java:185)
	at org.springframework.beans.factory.support.AbstractAutowireCapableBeanFactory.autowireConstructor(AbstractAutowireCapableBeanFactory.java:1143)
	at org.springframework.beans.factory.support.AbstractAutowireCapableBeanFactory.createBeanInstance(AbstractAutowireCapableBeanFactory.java:1046)
	at org.springframework.beans.factory.support.AbstractAutowireCapableBeanFactory.doCreateBean(AbstractAutowireCapableBeanFactory.java:510)
	at org.springframework.beans.factory.support.AbstractAutowireCapableBeanFactory.createBean(AbstractAutowireCapableBeanFactory.java:482)
	at org.springframework.beans.factory.support.AbstractBeanFactory$1.getObject(AbstractBeanFactory.java:306)
	at org.springframework.beans.factory.support.DefaultSingletonBeanRegistry.getSingleton(DefaultSingletonBeanRegistry.java:230)
	at org.springframework.beans.factory.support.AbstractBeanFactory.doGetBean(AbstractBeanFactory.java:302)
	at org.springframework.beans.factory.support.AbstractBeanFactory.getBean(AbstractBeanFactory.java:197)
	at org.springframework.beans.factory.support.DefaultListableBeanFactory.preInstantiateSingletons(DefaultListableBeanFactory.java:772)
	at org.springframework.context.support.AbstractApplicationContext.finishBeanFactoryInitialization(AbstractApplicationContext.java:839)
	at org.springframework.context.support.AbstractApplicationContext.refresh(AbstractApplicationContext.java:538)
	at org.springframework.web.context.ContextLoader.configureAndRefreshWebApplicationContext(ContextLoader.java:444)
	at org.springframework.web.context.ContextLoader.initWebApplicationContext(ContextLoader.java:326)
	at org.springframework.web.context.ContextLoaderListener.contextInitialized(ContextLoaderListener.java:107)
	at org.eclipse.jetty.server.handler.ContextHandler.callContextInitialized(ContextHandler.java:843)
	at org.eclipse.jetty.servlet.ServletContextHandler.callContextInitialized(ServletContextHandler.java:533)
	at org.eclipse.jetty.server.handler.ContextHandler.startContext(ContextHandler.java:816)
	at org.eclipse.jetty.servlet.ServletContextHandler.startContext(ServletContextHandler.java:345)
	at org.eclipse.jetty.webapp.WebAppContext.startWebapp(WebAppContext.java:1404)
	at org.eclipse.jetty.webapp.WebAppContext.startContext(WebAppContext.java:1366)
	at org.eclipse.jetty.server.handler.ContextHandler.doStart(ContextHandler.java:778)
	at org.eclipse.jetty.servlet.ServletContextHandler.doStart(ServletContextHandler.java:262)
	at org.eclipse.jetty.webapp.WebAppContext.doStart(WebAppContext.java:520)
	at org.eclipse.jetty.util.component.AbstractLifeCycle.start(AbstractLifeCycle.java:68)
	at org.eclipse.jetty.util.component.ContainerLifeCycle.start(ContainerLifeCycle.java:132)
	at org.eclipse.jetty.util.component.ContainerLifeCycle.doStart(ContainerLifeCycle.java:114)
	at org.eclipse.jetty.server.handler.AbstractHandler.doStart(AbstractHandler.java:61)
	at org.eclipse.jetty.util.component.AbstractLifeCycle.start(AbstractLifeCycle.java:68)
	at org.eclipse.jetty.util.component.ContainerLifeCycle.start(ContainerLifeCycle.java:132)
	at org.eclipse.jetty.server.Server.start(Server.java:411)
	at org.eclipse.jetty.util.component.ContainerLifeCycle.doStart(ContainerLifeCycle.java:106)
	at org.eclipse.jetty.server.handler.AbstractHandler.doStart(AbstractHandler.java:61)
	at org.eclipse.jetty.server.Server.doStart(Server.java:378)
	at org.eclipse.jetty.util.component.AbstractLifeCycle.start(AbstractLifeCycle.java:68)
	at main.NewFrontendAppServer.main(NewFrontendAppServer.java:62)
Related cause:
org.springframework.beans.factory.UnsatisfiedDependencyException: Error creating bean with name 'jedisPool' defined in URL [file:/E:/Project/20171215/newsite/zhgtrade-newfront/build/resources/main/applicationContext-redis.xml]: Unsatisfied dependency expressed through constructor argument with index 5 of type [int]: Could not convert constructor argument value of type [java.lang.String] to required type [int]: Failed to convert value of type [java.lang.String] to required type [int]; nested exception is java.lang.NumberFormatException: For input string: "${redis.database}"
	at org.springframework.beans.factory.support.ConstructorResolver.createArgumentArray(ConstructorResolver.java:724)
	at org.springframework.beans.factory.support.ConstructorResolver.autowireConstructor(ConstructorResolver.java:185)
	at org.springframework.beans.factory.support.AbstractAutowireCapableBeanFactory.autowireConstructor(AbstractAutowireCapableBeanFactory.java:1143)
	at org.springframework.beans.factory.support.AbstractAutowireCapableBeanFactory.createBeanInstance(AbstractAutowireCapableBeanFactory.java:1046)
	at org.springframework.beans.factory.support.AbstractAutowireCapableBeanFactory.doCreateBean(AbstractAutowireCapableBeanFactory.java:510)
	at org.springframework.beans.factory.support.AbstractAutowireCapableBeanFactory.createBean(AbstractAutowireCapableBeanFactory.java:482)
	at org.springframework.beans.factory.support.AbstractBeanFactory$1.getObject(AbstractBeanFactory.java:306)
	at org.springframework.beans.factory.support.DefaultSingletonBeanRegistry.getSingleton(DefaultSingletonBeanRegistry.java:230)
	at org.springframework.beans.factory.support.AbstractBeanFactory.doGetBean(AbstractBeanFactory.java:302)
	at org.springframework.beans.factory.support.AbstractBeanFactory.getBean(AbstractBeanFactory.java:197)
	at org.springframework.beans.factory.support.DefaultListableBeanFactory.preInstantiateSingletons(DefaultListableBeanFactory.java:772)
	at org.springframework.context.support.AbstractApplicationContext.finishBeanFactoryInitialization(AbstractApplicationContext.java:839)
	at org.springframework.context.support.AbstractApplicationContext.refresh(AbstractApplicationContext.java:538)
	at org.springframework.web.context.ContextLoader.configureAndRefreshWebApplicationContext(ContextLoader.java:444)
	at org.springframework.web.context.ContextLoader.initWebApplicationContext(ContextLoader.java:326)
	at org.springframework.web.context.ContextLoaderListener.contextInitialized(ContextLoaderListener.java:107)
	at org.eclipse.jetty.server.handler.ContextHandler.callContextInitialized(ContextHandler.java:843)
	at org.eclipse.jetty.servlet.ServletContextHandler.callContextInitialized(ServletContextHandler.java:533)
	at org.eclipse.jetty.server.handler.ContextHandler.startContext(ContextHandler.java:816)
	at org.eclipse.jetty.servlet.ServletContextHandler.startContext(ServletContextHandler.java:345)
	at org.eclipse.jetty.webapp.WebAppContext.startWebapp(WebAppContext.java:1404)
	at org.eclipse.jetty.webapp.WebAppContext.startContext(WebAppContext.java:1366)
	at org.eclipse.jetty.server.handler.ContextHandler.doStart(ContextHandler.java:778)
	at org.eclipse.jetty.servlet.ServletContextHandler.doStart(ServletContextHandler.java:262)
	at org.eclipse.jetty.webapp.WebAppContext.doStart(WebAppContext.java:520)
	at org.eclipse.jetty.util.component.AbstractLifeCycle.start(AbstractLifeCycle.java:68)
	at org.eclipse.jetty.util.component.ContainerLifeCycle.start(ContainerLifeCycle.java:132)
	at org.eclipse.jetty.util.component.ContainerLifeCycle.doStart(ContainerLifeCycle.java:114)
	at org.eclipse.jetty.server.handler.AbstractHandler.doStart(AbstractHandler.java:61)
	at org.eclipse.jetty.util.component.AbstractLifeCycle.start(AbstractLifeCycle.java:68)
	at org.eclipse.jetty.util.component.ContainerLifeCycle.start(ContainerLifeCycle.java:132)
	at org.eclipse.jetty.server.Server.start(Server.java:411)
	at org.eclipse.jetty.util.component.ContainerLifeCycle.doStart(ContainerLifeCycle.java:106)
	at org.eclipse.jetty.server.handler.AbstractHandler.doStart(AbstractHandler.java:61)
	at org.eclipse.jetty.server.Server.doStart(Server.java:378)
	at org.eclipse.jetty.util.component.AbstractLifeCycle.start(AbstractLifeCycle.java:68)
	at main.NewFrontendAppServer.main(NewFrontendAppServer.java:62)
