0    [28-十一月-2017 15:51:48] WARN  (EhCacheProvider.java:93) org.hibernate.cache.EhCacheProvider  - Could not find configuration [encache_.com.ruizton.main.model.Fvirtualcointype]; using defaults.
72   [28-十一月-2017 15:51:48] WARN  (EhCacheProvider.java:93) org.hibernate.cache.EhCacheProvider  - Could not find configuration [encache_.com.ruizton.main.model.Fsystemargs]; using defaults.
95   [28-十一月-2017 15:51:48] WARN  (EhCacheProvider.java:93) org.hibernate.cache.EhCacheProvider  - Could not find configuration [encache_.com.ruizton.main.model.FTypeDetail]; using defaults.
139  [28-十一月-2017 15:51:48] WARN  (EhCacheProvider.java:93) org.hibernate.cache.EhCacheProvider  - Could not find configuration [encache_.com.ruizton.main.model.Ffriendlink]; using defaults.
172  [28-十一月-2017 15:51:48] WARN  (EhCacheProvider.java:93) org.hibernate.cache.EhCacheProvider  - Could not find configuration [encache_.com.ruizton.main.model.Farticletype]; using defaults.
257  [28-十一月-2017 15:51:48] WARN  (EhCacheProvider.java:93) org.hibernate.cache.EhCacheProvider  - Could not find configuration [encache_.com.ruizton.main.model.Fwebbaseinfo]; using defaults.
275  [28-十一月-2017 15:51:48] WARN  (EhCacheProvider.java:93) org.hibernate.cache.EhCacheProvider  - Could not find configuration [encache_.com.ruizton.main.model.Fintrolinfo]; using defaults.
353  [28-十一月-2017 15:51:48] WARN  (EhCacheProvider.java:93) org.hibernate.cache.EhCacheProvider  - Could not find configuration [encache_.com.ruizton.main.model.Flimittrade]; using defaults.
368  [28-十一月-2017 15:51:48] WARN  (EhCacheProvider.java:93) org.hibernate.cache.EhCacheProvider  - Could not find configuration [encache_.com.ruizton.main.model.Fabout]; using defaults.
464  [28-十一月-2017 15:51:49] WARN  (EhCacheProvider.java:93) org.hibernate.cache.EhCacheProvider  - Could not find configuration [encache_.com.ruizton.main.model.TradeApi]; using defaults.
497  [28-十一月-2017 15:51:49] WARN  (EhCacheProvider.java:93) org.hibernate.cache.EhCacheProvider  - Could not find configuration [encache_.com.ruizton.main.model.Farticle]; using defaults.
864  [28-十一月-2017 15:51:49] WARN  (EhCacheProvider.java:93) org.hibernate.cache.EhCacheProvider  - Could not find configuration [encache_.org.hibernate.cache.UpdateTimestampsCache]; using defaults.
870  [28-十一月-2017 15:51:49] WARN  (EhCacheProvider.java:93) org.hibernate.cache.EhCacheProvider  - Could not find configuration [encache_.org.hibernate.cache.StandardQueryCache]; using defaults.
2717 [28-十一月-2017 15:51:51] WARN  (CacheManager.java:611) net.sf.ehcache.CacheManager  - Creating a new instance of CacheManager using the diskStorePath "C:\Users\sunpeng\AppData\Local\Temp\" which is already used by an existing CacheManager.
The source of the configuration was net.sf.ehcache.config.generator.ConfigurationSource$InputStreamConfigurationSource@6170fa5b.
The diskStore path for this CacheManager will be set to C:\Users\sunpeng\AppData\Local\Temp\\ehcache_auto_created_1511855511307.
To avoid this warning consider using the CacheManager factory methods to create a singleton CacheManager or specifying a separate ehcache configuration (ehcache.xml) for each CacheManager instance.
2814 [28-十一月-2017 15:51:51] WARN  (AbstractApplicationContext.java:546) org.springframework.context.support.GenericApplicationContext  - Exception encountered during context initialization - cancelling refresh attempt: org.springframework.beans.factory.BeanCreationException: Error creating bean with name 'com.ruizton.main.auto.RealTimeData#0': Injection of autowired dependencies failed; nested exception is org.springframework.beans.factory.BeanCreationException: Could not autowire field: private com.ruizton.main.cache.data.RealTimeDataService com.ruizton.main.auto.RealTimeData.realTimeDataService; nested exception is org.springframework.beans.factory.BeanCreationException: Error creating bean with name 'realTimeDataServiceImpl': Injection of autowired dependencies failed; nested exception is org.springframework.beans.factory.BeanCreationException: Could not autowire field: private com.ruizton.main.cache.data.impl.RealTimeEntrustDepthServiceImpl com.ruizton.main.cache.data.impl.RealTimeDataServiceImpl.realTimeEntrustDepthService; nested exception is org.springframework.beans.factory.BeanCreationException: Error creating bean with name 'realTimeEntrustDepthService': Injection of resource dependencies failed; nested exception is org.springframework.beans.factory.BeanCreationException: Error creating bean with name 'realTimeCenter': Invocation of init method failed; nested exception is com.alibaba.fastjson.JSONException: syntax error, expect {, actual [, pos 0
2907 [28-十一月-2017 15:51:51] ERROR (TestContextManager.java:231) org.springframework.test.context.TestContextManager  - Caught exception while allowing TestExecutionListener [org.springframework.test.context.support.DependencyInjectionTestExecutionListener@6b34203e] to prepare test instance [com.zhgtrade.front.epay.test.ZhgUserSynUtilsTest@657510d8]
java.lang.IllegalStateException: Failed to load ApplicationContext
	at org.springframework.test.context.cache.DefaultCacheAwareContextLoaderDelegate.loadContext(DefaultCacheAwareContextLoaderDelegate.java:124)
	at org.springframework.test.context.support.DefaultTestContext.getApplicationContext(DefaultTestContext.java:83)
	at org.springframework.test.context.support.DependencyInjectionTestExecutionListener.injectDependencies(DependencyInjectionTestExecutionListener.java:117)
	at org.springframework.test.context.support.DependencyInjectionTestExecutionListener.prepareTestInstance(DependencyInjectionTestExecutionListener.java:83)
	at org.springframework.test.context.TestContextManager.prepareTestInstance(TestContextManager.java:228)
	at org.springframework.test.context.junit4.SpringJUnit4ClassRunner.createTest(SpringJUnit4ClassRunner.java:230)
	at org.springframework.test.context.junit4.SpringJUnit4ClassRunner$1.runReflectiveCall(SpringJUnit4ClassRunner.java:289)
	at org.junit.internal.runners.model.ReflectiveCallable.run(ReflectiveCallable.java:12)
	at org.springframework.test.context.junit4.SpringJUnit4ClassRunner.methodBlock(SpringJUnit4ClassRunner.java:291)
	at org.springframework.test.context.junit4.SpringJUnit4ClassRunner.runChild(SpringJUnit4ClassRunner.java:249)
	at org.springframework.test.context.junit4.SpringJUnit4ClassRunner.runChild(SpringJUnit4ClassRunner.java:89)
	at org.junit.runners.ParentRunner$3.run(ParentRunner.java:238)
	at org.junit.runners.ParentRunner$1.schedule(ParentRunner.java:63)
	at org.junit.runners.ParentRunner.runChildren(ParentRunner.java:236)
	at org.junit.runners.ParentRunner.access$000(ParentRunner.java:53)
	at org.junit.runners.ParentRunner$2.evaluate(ParentRunner.java:229)
	at org.springframework.test.context.junit4.statements.RunBeforeTestClassCallbacks.evaluate(RunBeforeTestClassCallbacks.java:61)
	at org.springframework.test.context.junit4.statements.RunAfterTestClassCallbacks.evaluate(RunAfterTestClassCallbacks.java:70)
	at org.junit.runners.ParentRunner.run(ParentRunner.java:309)
	at org.springframework.test.context.junit4.SpringJUnit4ClassRunner.run(SpringJUnit4ClassRunner.java:193)
	at org.gradle.api.internal.tasks.testing.junit.JUnitTestClassExecuter.runTestClass(JUnitTestClassExecuter.java:114)
	at org.gradle.api.internal.tasks.testing.junit.JUnitTestClassExecuter.execute(JUnitTestClassExecuter.java:57)
	at org.gradle.api.internal.tasks.testing.junit.JUnitTestClassProcessor.processTestClass(JUnitTestClassProcessor.java:66)
	at org.gradle.api.internal.tasks.testing.SuiteTestClassProcessor.processTestClass(SuiteTestClassProcessor.java:51)
	at sun.reflect.NativeMethodAccessorImpl.invoke0(Native Method)
	at sun.reflect.NativeMethodAccessorImpl.invoke(NativeMethodAccessorImpl.java:62)
	at sun.reflect.DelegatingMethodAccessorImpl.invoke(DelegatingMethodAccessorImpl.java:43)
	at java.lang.reflect.Method.invoke(Method.java:498)
	at org.gradle.internal.dispatch.ReflectionDispatch.dispatch(ReflectionDispatch.java:35)
	at org.gradle.internal.dispatch.ReflectionDispatch.dispatch(ReflectionDispatch.java:24)
	at org.gradle.internal.dispatch.ContextClassLoaderDispatch.dispatch(ContextClassLoaderDispatch.java:32)
	at org.gradle.internal.dispatch.ProxyDispatchAdapter$DispatchingInvocationHandler.invoke(ProxyDispatchAdapter.java:93)
	at com.sun.proxy.$Proxy3.processTestClass(Unknown Source)
	at org.gradle.api.internal.tasks.testing.worker.TestWorker.processTestClass(TestWorker.java:109)
	at sun.reflect.NativeMethodAccessorImpl.invoke0(Native Method)
	at sun.reflect.NativeMethodAccessorImpl.invoke(NativeMethodAccessorImpl.java:62)
	at sun.reflect.DelegatingMethodAccessorImpl.invoke(DelegatingMethodAccessorImpl.java:43)
	at java.lang.reflect.Method.invoke(Method.java:498)
	at org.gradle.internal.dispatch.ReflectionDispatch.dispatch(ReflectionDispatch.java:35)
	at org.gradle.internal.dispatch.ReflectionDispatch.dispatch(ReflectionDispatch.java:24)
	at org.gradle.internal.remote.internal.hub.MessageHub$Handler.run(MessageHub.java:377)
	at org.gradle.internal.concurrent.ExecutorPolicy$CatchAndRecordFailures.onExecute(ExecutorPolicy.java:54)
	at org.gradle.internal.concurrent.StoppableExecutorImpl$1.run(StoppableExecutorImpl.java:40)
	at java.util.concurrent.ThreadPoolExecutor.runWorker(ThreadPoolExecutor.java:1142)
	at java.util.concurrent.ThreadPoolExecutor$Worker.run(ThreadPoolExecutor.java:617)
	at java.lang.Thread.run(Thread.java:745)
Caused by: org.springframework.beans.factory.BeanCreationException: Error creating bean with name 'com.ruizton.main.auto.RealTimeData#0': Injection of autowired dependencies failed; nested exception is org.springframework.beans.factory.BeanCreationException: Could not autowire field: private com.ruizton.main.cache.data.RealTimeDataService com.ruizton.main.auto.RealTimeData.realTimeDataService; nested exception is org.springframework.beans.factory.BeanCreationException: Error creating bean with name 'realTimeDataServiceImpl': Injection of autowired dependencies failed; nested exception is org.springframework.beans.factory.BeanCreationException: Could not autowire field: private com.ruizton.main.cache.data.impl.RealTimeEntrustDepthServiceImpl com.ruizton.main.cache.data.impl.RealTimeDataServiceImpl.realTimeEntrustDepthService; nested exception is org.springframework.beans.factory.BeanCreationException: Error creating bean with name 'realTimeEntrustDepthService': Injection of resource dependencies failed; nested exception is org.springframework.beans.factory.BeanCreationException: Error creating bean with name 'realTimeCenter': Invocation of init method failed; nested exception is com.alibaba.fastjson.JSONException: syntax error, expect {, actual [, pos 0
	at org.springframework.beans.factory.annotation.AutowiredAnnotationBeanPostProcessor.postProcessPropertyValues(AutowiredAnnotationBeanPostProcessor.java:334)
	at org.springframework.beans.factory.support.AbstractAutowireCapableBeanFactory.populateBean(AbstractAutowireCapableBeanFactory.java:1214)
	at org.springframework.beans.factory.support.AbstractAutowireCapableBeanFactory.doCreateBean(AbstractAutowireCapableBeanFactory.java:543)
	at org.springframework.beans.factory.support.AbstractAutowireCapableBeanFactory.createBean(AbstractAutowireCapableBeanFactory.java:482)
	at org.springframework.beans.factory.support.AbstractBeanFactory$1.getObject(AbstractBeanFactory.java:306)
	at org.springframework.beans.factory.support.DefaultSingletonBeanRegistry.getSingleton(DefaultSingletonBeanRegistry.java:230)
	at org.springframework.beans.factory.support.AbstractBeanFactory.doGetBean(AbstractBeanFactory.java:302)
	at org.springframework.beans.factory.support.AbstractBeanFactory.getBean(AbstractBeanFactory.java:197)
	at org.springframework.beans.factory.support.DefaultListableBeanFactory.preInstantiateSingletons(DefaultListableBeanFactory.java:772)
	at org.springframework.context.support.AbstractApplicationContext.finishBeanFactoryInitialization(AbstractApplicationContext.java:839)
	at org.springframework.context.support.AbstractApplicationContext.refresh(AbstractApplicationContext.java:538)
	at org.springframework.test.context.support.AbstractGenericContextLoader.loadContext(AbstractGenericContextLoader.java:125)
	at org.springframework.test.context.support.AbstractGenericContextLoader.loadContext(AbstractGenericContextLoader.java:60)
	at org.springframework.test.context.support.AbstractDelegatingSmartContextLoader.delegateLoading(AbstractDelegatingSmartContextLoader.java:109)
	at org.springframework.test.context.support.AbstractDelegatingSmartContextLoader.loadContext(AbstractDelegatingSmartContextLoader.java:261)
	at org.springframework.test.context.cache.DefaultCacheAwareContextLoaderDelegate.loadContextInternal(DefaultCacheAwareContextLoaderDelegate.java:98)
	at org.springframework.test.context.cache.DefaultCacheAwareContextLoaderDelegate.loadContext(DefaultCacheAwareContextLoaderDelegate.java:116)
	... 45 more
Caused by: org.springframework.beans.factory.BeanCreationException: Could not autowire field: private com.ruizton.main.cache.data.RealTimeDataService com.ruizton.main.auto.RealTimeData.realTimeDataService; nested exception is org.springframework.beans.factory.BeanCreationException: Error creating bean with name 'realTimeDataServiceImpl': Injection of autowired dependencies failed; nested exception is org.springframework.beans.factory.BeanCreationException: Could not autowire field: private com.ruizton.main.cache.data.impl.RealTimeEntrustDepthServiceImpl com.ruizton.main.cache.data.impl.RealTimeDataServiceImpl.realTimeEntrustDepthService; nested exception is org.springframework.beans.factory.BeanCreationException: Error creating bean with name 'realTimeEntrustDepthService': Injection of resource dependencies failed; nested exception is org.springframework.beans.factory.BeanCreationException: Error creating bean with name 'realTimeCenter': Invocation of init method failed; nested exception is com.alibaba.fastjson.JSONException: syntax error, expect {, actual [, pos 0
	at org.springframework.beans.factory.annotation.AutowiredAnnotationBeanPostProcessor$AutowiredFieldElement.inject(AutowiredAnnotationBeanPostProcessor.java:573)
	at org.springframework.beans.factory.annotation.InjectionMetadata.inject(InjectionMetadata.java:88)
	at org.springframework.beans.factory.annotation.AutowiredAnnotationBeanPostProcessor.postProcessPropertyValues(AutowiredAnnotationBeanPostProcessor.java:331)
	... 61 more
Caused by: org.springframework.beans.factory.BeanCreationException: Error creating bean with name 'realTimeDataServiceImpl': Injection of autowired dependencies failed; nested exception is org.springframework.beans.factory.BeanCreationException: Could not autowire field: private com.ruizton.main.cache.data.impl.RealTimeEntrustDepthServiceImpl com.ruizton.main.cache.data.impl.RealTimeDataServiceImpl.realTimeEntrustDepthService; nested exception is org.springframework.beans.factory.BeanCreationException: Error creating bean with name 'realTimeEntrustDepthService': Injection of resource dependencies failed; nested exception is org.springframework.beans.factory.BeanCreationException: Error creating bean with name 'realTimeCenter': Invocation of init method failed; nested exception is com.alibaba.fastjson.JSONException: syntax error, expect {, actual [, pos 0
	at org.springframework.beans.factory.annotation.AutowiredAnnotationBeanPostProcessor.postProcessPropertyValues(AutowiredAnnotationBeanPostProcessor.java:334)
	at org.springframework.beans.factory.support.AbstractAutowireCapableBeanFactory.populateBean(AbstractAutowireCapableBeanFactory.java:1214)
	at org.springframework.beans.factory.support.AbstractAutowireCapableBeanFactory.doCreateBean(AbstractAutowireCapableBeanFactory.java:543)
	at org.springframework.beans.factory.support.AbstractAutowireCapableBeanFactory.createBean(AbstractAutowireCapableBeanFactory.java:482)
	at org.springframework.beans.factory.support.AbstractBeanFactory$1.getObject(AbstractBeanFactory.java:306)
	at org.springframework.beans.factory.support.DefaultSingletonBeanRegistry.getSingleton(DefaultSingletonBeanRegistry.java:230)
	at org.springframework.beans.factory.support.AbstractBeanFactory.doGetBean(AbstractBeanFactory.java:302)
	at org.springframework.beans.factory.support.AbstractBeanFactory.getBean(AbstractBeanFactory.java:197)
	at org.springframework.beans.factory.support.DefaultListableBeanFactory.findAutowireCandidates(DefaultListableBeanFactory.java:1192)
	at org.springframework.beans.factory.support.DefaultListableBeanFactory.doResolveDependency(DefaultListableBeanFactory.java:1116)
	at org.springframework.beans.factory.support.DefaultListableBeanFactory.resolveDependency(DefaultListableBeanFactory.java:1014)
	at org.springframework.beans.factory.annotation.AutowiredAnnotationBeanPostProcessor$AutowiredFieldElement.inject(AutowiredAnnotationBeanPostProcessor.java:545)
	... 63 more
Caused by: org.springframework.beans.factory.BeanCreationException: Could not autowire field: private com.ruizton.main.cache.data.impl.RealTimeEntrustDepthServiceImpl com.ruizton.main.cache.data.impl.RealTimeDataServiceImpl.realTimeEntrustDepthService; nested exception is org.springframework.beans.factory.BeanCreationException: Error creating bean with name 'realTimeEntrustDepthService': Injection of resource dependencies failed; nested exception is org.springframework.beans.factory.BeanCreationException: Error creating bean with name 'realTimeCenter': Invocation of init method failed; nested exception is com.alibaba.fastjson.JSONException: syntax error, expect {, actual [, pos 0
	at org.springframework.beans.factory.annotation.AutowiredAnnotationBeanPostProcessor$AutowiredFieldElement.inject(AutowiredAnnotationBeanPostProcessor.java:573)
	at org.springframework.beans.factory.annotation.InjectionMetadata.inject(InjectionMetadata.java:88)
	at org.springframework.beans.factory.annotation.AutowiredAnnotationBeanPostProcessor.postProcessPropertyValues(AutowiredAnnotationBeanPostProcessor.java:331)
	... 74 more
Caused by: org.springframework.beans.factory.BeanCreationException: Error creating bean with name 'realTimeEntrustDepthService': Injection of resource dependencies failed; nested exception is org.springframework.beans.factory.BeanCreationException: Error creating bean with name 'realTimeCenter': Invocation of init method failed; nested exception is com.alibaba.fastjson.JSONException: syntax error, expect {, actual [, pos 0
	at org.springframework.context.annotation.CommonAnnotationBeanPostProcessor.postProcessPropertyValues(CommonAnnotationBeanPostProcessor.java:311)
	at org.springframework.beans.factory.support.AbstractAutowireCapableBeanFactory.populateBean(AbstractAutowireCapableBeanFactory.java:1214)
	at org.springframework.beans.factory.support.AbstractAutowireCapableBeanFactory.doCreateBean(AbstractAutowireCapableBeanFactory.java:543)
	at org.springframework.beans.factory.support.AbstractAutowireCapableBeanFactory.createBean(AbstractAutowireCapableBeanFactory.java:482)
	at org.springframework.beans.factory.support.AbstractBeanFactory$1.getObject(AbstractBeanFactory.java:306)
	at org.springframework.beans.factory.support.DefaultSingletonBeanRegistry.getSingleton(DefaultSingletonBeanRegistry.java:230)
	at org.springframework.beans.factory.support.AbstractBeanFactory.doGetBean(AbstractBeanFactory.java:302)
	at org.springframework.beans.factory.support.AbstractBeanFactory.getBean(AbstractBeanFactory.java:197)
	at org.springframework.beans.factory.support.DefaultListableBeanFactory.findAutowireCandidates(DefaultListableBeanFactory.java:1192)
	at org.springframework.beans.factory.support.DefaultListableBeanFactory.doResolveDependency(DefaultListableBeanFactory.java:1116)
	at org.springframework.beans.factory.support.DefaultListableBeanFactory.resolveDependency(DefaultListableBeanFactory.java:1014)
	at org.springframework.beans.factory.annotation.AutowiredAnnotationBeanPostProcessor$AutowiredFieldElement.inject(AutowiredAnnotationBeanPostProcessor.java:545)
	... 76 more
Caused by: org.springframework.beans.factory.BeanCreationException: Error creating bean with name 'realTimeCenter': Invocation of init method failed; nested exception is com.alibaba.fastjson.JSONException: syntax error, expect {, actual [, pos 0
	at org.springframework.beans.factory.annotation.InitDestroyAnnotationBeanPostProcessor.postProcessBeforeInitialization(InitDestroyAnnotationBeanPostProcessor.java:136)
	at org.springframework.beans.factory.support.AbstractAutowireCapableBeanFactory.applyBeanPostProcessorsBeforeInitialization(AbstractAutowireCapableBeanFactory.java:408)
	at org.springframework.beans.factory.support.AbstractAutowireCapableBeanFactory.initializeBean(AbstractAutowireCapableBeanFactory.java:1570)
	at org.springframework.beans.factory.support.AbstractAutowireCapableBeanFactory.doCreateBean(AbstractAutowireCapableBeanFactory.java:545)
	at org.springframework.beans.factory.support.AbstractAutowireCapableBeanFactory.createBean(AbstractAutowireCapableBeanFactory.java:482)
	at org.springframework.beans.factory.support.AbstractBeanFactory$1.getObject(AbstractBeanFactory.java:306)
	at org.springframework.beans.factory.support.DefaultSingletonBeanRegistry.getSingleton(DefaultSingletonBeanRegistry.java:230)
	at org.springframework.beans.factory.support.AbstractBeanFactory.doGetBean(AbstractBeanFactory.java:302)
	at org.springframework.beans.factory.support.AbstractBeanFactory.getBean(AbstractBeanFactory.java:202)
	at org.springframework.context.annotation.CommonAnnotationBeanPostProcessor.autowireResource(CommonAnnotationBeanPostProcessor.java:512)
	at org.springframework.context.annotation.CommonAnnotationBeanPostProcessor.getResource(CommonAnnotationBeanPostProcessor.java:486)
	at org.springframework.context.annotation.CommonAnnotationBeanPostProcessor$ResourceElement.getResourceToInject(CommonAnnotationBeanPostProcessor.java:615)
	at org.springframework.beans.factory.annotation.InjectionMetadata$InjectedElement.inject(InjectionMetadata.java:169)
	at org.springframework.beans.factory.annotation.InjectionMetadata.inject(InjectionMetadata.java:88)
	at org.springframework.context.annotation.CommonAnnotationBeanPostProcessor.postProcessPropertyValues(CommonAnnotationBeanPostProcessor.java:308)
	... 87 more
Caused by: com.alibaba.fastjson.JSONException: syntax error, expect {, actual [, pos 0
	at com.alibaba.fastjson.parser.deserializer.JavaBeanDeserializer.deserialze(JavaBeanDeserializer.java:233)
	at com.alibaba.fastjson.parser.deserializer.ASMJavaBeanDeserializer.parseRest(ASMJavaBeanDeserializer.java:101)
	at Fastjson_ASM_FentrustData_14.deserialze(Unknown Source)
	at com.alibaba.fastjson.parser.DefaultJSONParser.parseArray(DefaultJSONParser.java:640)
	at com.alibaba.fastjson.parser.deserializer.ArrayDeserializer.deserialze(ArrayDeserializer.java:69)
	at com.alibaba.fastjson.parser.DefaultJSONParser.parseObject(DefaultJSONParser.java:556)
	at com.alibaba.fastjson.JSON.parseObject(JSON.java:294)
	at com.alibaba.fastjson.JSON.parseObject(JSON.java:279)
	at com.alibaba.fastjson.JSON.parseObject(JSON.java:262)
	at com.ruizton.main.cache.data.RealTimeCenter.getDepthEntrust(RealTimeCenter.java:212)
	at com.ruizton.main.cache.data.RealTimeCenter.syncDepthEntrust(RealTimeCenter.java:201)
	at com.ruizton.main.cache.data.RealTimeCenter.fetchFromRedis(RealTimeCenter.java:146)
	at com.ruizton.main.cache.data.RealTimeCenter.init(RealTimeCenter.java:73)
	at sun.reflect.NativeMethodAccessorImpl.invoke0(Native Method)
	at sun.reflect.NativeMethodAccessorImpl.invoke(NativeMethodAccessorImpl.java:62)
	at sun.reflect.DelegatingMethodAccessorImpl.invoke(DelegatingMethodAccessorImpl.java:43)
	at java.lang.reflect.Method.invoke(Method.java:498)
	at org.springframework.beans.factory.annotation.InitDestroyAnnotationBeanPostProcessor$LifecycleElement.invoke(InitDestroyAnnotationBeanPostProcessor.java:354)
	at org.springframework.beans.factory.annotation.InitDestroyAnnotationBeanPostProcessor$LifecycleMetadata.invokeInitMethods(InitDestroyAnnotationBeanPostProcessor.java:305)
	at org.springframework.beans.factory.annotation.InitDestroyAnnotationBeanPostProcessor.postProcessBeforeInitialization(InitDestroyAnnotationBeanPostProcessor.java:133)
	... 101 more
0    [28-十一月-2017 15:52:13] WARN  (EhCacheProvider.java:93) org.hibernate.cache.EhCacheProvider  - Could not find configuration [encache_.com.ruizton.main.model.Fvirtualcointype]; using defaults.
170  [28-十一月-2017 15:52:13] WARN  (EhCacheProvider.java:93) org.hibernate.cache.EhCacheProvider  - Could not find configuration [encache_.com.ruizton.main.model.Fsystemargs]; using defaults.
343  [28-十一月-2017 15:52:13] WARN  (EhCacheProvider.java:93) org.hibernate.cache.EhCacheProvider  - Could not find configuration [encache_.com.ruizton.main.model.FTypeDetail]; using defaults.
459  [28-十一月-2017 15:52:14] WARN  (EhCacheProvider.java:93) org.hibernate.cache.EhCacheProvider  - Could not find configuration [encache_.com.ruizton.main.model.Ffriendlink]; using defaults.
498  [28-十一月-2017 15:52:14] WARN  (EhCacheProvider.java:93) org.hibernate.cache.EhCacheProvider  - Could not find configuration [encache_.com.ruizton.main.model.Farticletype]; using defaults.
826  [28-十一月-2017 15:52:14] WARN  (EhCacheProvider.java:93) org.hibernate.cache.EhCacheProvider  - Could not find configuration [encache_.com.ruizton.main.model.Fwebbaseinfo]; using defaults.
874  [28-十一月-2017 15:52:14] WARN  (EhCacheProvider.java:93) org.hibernate.cache.EhCacheProvider  - Could not find configuration [encache_.com.ruizton.main.model.Fintrolinfo]; using defaults.
1135 [28-十一月-2017 15:52:14] WARN  (EhCacheProvider.java:93) org.hibernate.cache.EhCacheProvider  - Could not find configuration [encache_.com.ruizton.main.model.Flimittrade]; using defaults.
1190 [28-十一月-2017 15:52:14] WARN  (EhCacheProvider.java:93) org.hibernate.cache.EhCacheProvider  - Could not find configuration [encache_.com.ruizton.main.model.Fabout]; using defaults.
1264 [28-十一月-2017 15:52:14] WARN  (EhCacheProvider.java:93) org.hibernate.cache.EhCacheProvider  - Could not find configuration [encache_.com.ruizton.main.model.TradeApi]; using defaults.
1280 [28-十一月-2017 15:52:14] WARN  (EhCacheProvider.java:93) org.hibernate.cache.EhCacheProvider  - Could not find configuration [encache_.com.ruizton.main.model.Farticle]; using defaults.
1547 [28-十一月-2017 15:52:15] WARN  (EhCacheProvider.java:93) org.hibernate.cache.EhCacheProvider  - Could not find configuration [encache_.org.hibernate.cache.UpdateTimestampsCache]; using defaults.
1550 [28-十一月-2017 15:52:15] WARN  (EhCacheProvider.java:93) org.hibernate.cache.EhCacheProvider  - Could not find configuration [encache_.org.hibernate.cache.StandardQueryCache]; using defaults.
3122 [28-十一月-2017 15:52:16] WARN  (CacheManager.java:611) net.sf.ehcache.CacheManager  - Creating a new instance of CacheManager using the diskStorePath "C:\Users\sunpeng\AppData\Local\Temp\" which is already used by an existing CacheManager.
The source of the configuration was net.sf.ehcache.config.generator.ConfigurationSource$InputStreamConfigurationSource@6a5aef04.
The diskStore path for this CacheManager will be set to C:\Users\sunpeng\AppData\Local\Temp\\ehcache_auto_created_1511855536678.
To avoid this warning consider using the CacheManager factory methods to create a singleton CacheManager or specifying a separate ehcache configuration (ehcache.xml) for each CacheManager instance.
3196 [28-十一月-2017 15:52:16] WARN  (AbstractApplicationContext.java:546) org.springframework.context.support.GenericApplicationContext  - Exception encountered during context initialization - cancelling refresh attempt: org.springframework.beans.factory.BeanCreationException: Error creating bean with name 'com.ruizton.main.auto.RealTimeData#0': Injection of autowired dependencies failed; nested exception is org.springframework.beans.factory.BeanCreationException: Could not autowire field: private com.ruizton.main.cache.data.RealTimeDataService com.ruizton.main.auto.RealTimeData.realTimeDataService; nested exception is org.springframework.beans.factory.BeanCreationException: Error creating bean with name 'realTimeDataServiceImpl': Injection of autowired dependencies failed; nested exception is org.springframework.beans.factory.BeanCreationException: Could not autowire field: private com.ruizton.main.cache.data.impl.RealTimeEntrustDepthServiceImpl com.ruizton.main.cache.data.impl.RealTimeDataServiceImpl.realTimeEntrustDepthService; nested exception is org.springframework.beans.factory.BeanCreationException: Error creating bean with name 'realTimeEntrustDepthService': Injection of resource dependencies failed; nested exception is org.springframework.beans.factory.BeanCreationException: Error creating bean with name 'realTimeCenter': Invocation of init method failed; nested exception is com.alibaba.fastjson.JSONException: syntax error, expect {, actual [, pos 0
3286 [28-十一月-2017 15:52:16] ERROR (TestContextManager.java:231) org.springframework.test.context.TestContextManager  - Caught exception while allowing TestExecutionListener [org.springframework.test.context.support.DependencyInjectionTestExecutionListener@517acd6a] to prepare test instance [com.zhgtrade.front.epay.test.ZhgUserSynUtilsTest@4cf1ca2]
java.lang.IllegalStateException: Failed to load ApplicationContext
	at org.springframework.test.context.cache.DefaultCacheAwareContextLoaderDelegate.loadContext(DefaultCacheAwareContextLoaderDelegate.java:124)
	at org.springframework.test.context.support.DefaultTestContext.getApplicationContext(DefaultTestContext.java:83)
	at org.springframework.test.context.support.DependencyInjectionTestExecutionListener.injectDependencies(DependencyInjectionTestExecutionListener.java:117)
	at org.springframework.test.context.support.DependencyInjectionTestExecutionListener.prepareTestInstance(DependencyInjectionTestExecutionListener.java:83)
	at org.springframework.test.context.TestContextManager.prepareTestInstance(TestContextManager.java:228)
	at org.springframework.test.context.junit4.SpringJUnit4ClassRunner.createTest(SpringJUnit4ClassRunner.java:230)
	at org.springframework.test.context.junit4.SpringJUnit4ClassRunner$1.runReflectiveCall(SpringJUnit4ClassRunner.java:289)
	at org.junit.internal.runners.model.ReflectiveCallable.run(ReflectiveCallable.java:12)
	at org.springframework.test.context.junit4.SpringJUnit4ClassRunner.methodBlock(SpringJUnit4ClassRunner.java:291)
	at org.springframework.test.context.junit4.SpringJUnit4ClassRunner.runChild(SpringJUnit4ClassRunner.java:249)
	at org.springframework.test.context.junit4.SpringJUnit4ClassRunner.runChild(SpringJUnit4ClassRunner.java:89)
	at org.junit.runners.ParentRunner$3.run(ParentRunner.java:238)
	at org.junit.runners.ParentRunner$1.schedule(ParentRunner.java:63)
	at org.junit.runners.ParentRunner.runChildren(ParentRunner.java:236)
	at org.junit.runners.ParentRunner.access$000(ParentRunner.java:53)
	at org.junit.runners.ParentRunner$2.evaluate(ParentRunner.java:229)
	at org.springframework.test.context.junit4.statements.RunBeforeTestClassCallbacks.evaluate(RunBeforeTestClassCallbacks.java:61)
	at org.springframework.test.context.junit4.statements.RunAfterTestClassCallbacks.evaluate(RunAfterTestClassCallbacks.java:70)
	at org.junit.runners.ParentRunner.run(ParentRunner.java:309)
	at org.springframework.test.context.junit4.SpringJUnit4ClassRunner.run(SpringJUnit4ClassRunner.java:193)
	at org.gradle.api.internal.tasks.testing.junit.JUnitTestClassExecuter.runTestClass(JUnitTestClassExecuter.java:114)
	at org.gradle.api.internal.tasks.testing.junit.JUnitTestClassExecuter.execute(JUnitTestClassExecuter.java:57)
	at org.gradle.api.internal.tasks.testing.junit.JUnitTestClassProcessor.processTestClass(JUnitTestClassProcessor.java:66)
	at org.gradle.api.internal.tasks.testing.SuiteTestClassProcessor.processTestClass(SuiteTestClassProcessor.java:51)
	at sun.reflect.NativeMethodAccessorImpl.invoke0(Native Method)
	at sun.reflect.NativeMethodAccessorImpl.invoke(NativeMethodAccessorImpl.java:62)
	at sun.reflect.DelegatingMethodAccessorImpl.invoke(DelegatingMethodAccessorImpl.java:43)
	at java.lang.reflect.Method.invoke(Method.java:498)
	at org.gradle.internal.dispatch.ReflectionDispatch.dispatch(ReflectionDispatch.java:35)
	at org.gradle.internal.dispatch.ReflectionDispatch.dispatch(ReflectionDispatch.java:24)
	at org.gradle.internal.dispatch.ContextClassLoaderDispatch.dispatch(ContextClassLoaderDispatch.java:32)
	at org.gradle.internal.dispatch.ProxyDispatchAdapter$DispatchingInvocationHandler.invoke(ProxyDispatchAdapter.java:93)
	at com.sun.proxy.$Proxy3.processTestClass(Unknown Source)
	at org.gradle.api.internal.tasks.testing.worker.TestWorker.processTestClass(TestWorker.java:109)
	at sun.reflect.NativeMethodAccessorImpl.invoke0(Native Method)
	at sun.reflect.NativeMethodAccessorImpl.invoke(NativeMethodAccessorImpl.java:62)
	at sun.reflect.DelegatingMethodAccessorImpl.invoke(DelegatingMethodAccessorImpl.java:43)
	at java.lang.reflect.Method.invoke(Method.java:498)
	at org.gradle.internal.dispatch.ReflectionDispatch.dispatch(ReflectionDispatch.java:35)
	at org.gradle.internal.dispatch.ReflectionDispatch.dispatch(ReflectionDispatch.java:24)
	at org.gradle.internal.remote.internal.hub.MessageHub$Handler.run(MessageHub.java:377)
	at org.gradle.internal.concurrent.ExecutorPolicy$CatchAndRecordFailures.onExecute(ExecutorPolicy.java:54)
	at org.gradle.internal.concurrent.StoppableExecutorImpl$1.run(StoppableExecutorImpl.java:40)
	at java.util.concurrent.ThreadPoolExecutor.runWorker(ThreadPoolExecutor.java:1142)
	at java.util.concurrent.ThreadPoolExecutor$Worker.run(ThreadPoolExecutor.java:617)
	at java.lang.Thread.run(Thread.java:745)
Caused by: org.springframework.beans.factory.BeanCreationException: Error creating bean with name 'com.ruizton.main.auto.RealTimeData#0': Injection of autowired dependencies failed; nested exception is org.springframework.beans.factory.BeanCreationException: Could not autowire field: private com.ruizton.main.cache.data.RealTimeDataService com.ruizton.main.auto.RealTimeData.realTimeDataService; nested exception is org.springframework.beans.factory.BeanCreationException: Error creating bean with name 'realTimeDataServiceImpl': Injection of autowired dependencies failed; nested exception is org.springframework.beans.factory.BeanCreationException: Could not autowire field: private com.ruizton.main.cache.data.impl.RealTimeEntrustDepthServiceImpl com.ruizton.main.cache.data.impl.RealTimeDataServiceImpl.realTimeEntrustDepthService; nested exception is org.springframework.beans.factory.BeanCreationException: Error creating bean with name 'realTimeEntrustDepthService': Injection of resource dependencies failed; nested exception is org.springframework.beans.factory.BeanCreationException: Error creating bean with name 'realTimeCenter': Invocation of init method failed; nested exception is com.alibaba.fastjson.JSONException: syntax error, expect {, actual [, pos 0
	at org.springframework.beans.factory.annotation.AutowiredAnnotationBeanPostProcessor.postProcessPropertyValues(AutowiredAnnotationBeanPostProcessor.java:334)
	at org.springframework.beans.factory.support.AbstractAutowireCapableBeanFactory.populateBean(AbstractAutowireCapableBeanFactory.java:1214)
	at org.springframework.beans.factory.support.AbstractAutowireCapableBeanFactory.doCreateBean(AbstractAutowireCapableBeanFactory.java:543)
	at org.springframework.beans.factory.support.AbstractAutowireCapableBeanFactory.createBean(AbstractAutowireCapableBeanFactory.java:482)
	at org.springframework.beans.factory.support.AbstractBeanFactory$1.getObject(AbstractBeanFactory.java:306)
	at org.springframework.beans.factory.support.DefaultSingletonBeanRegistry.getSingleton(DefaultSingletonBeanRegistry.java:230)
	at org.springframework.beans.factory.support.AbstractBeanFactory.doGetBean(AbstractBeanFactory.java:302)
	at org.springframework.beans.factory.support.AbstractBeanFactory.getBean(AbstractBeanFactory.java:197)
	at org.springframework.beans.factory.support.DefaultListableBeanFactory.preInstantiateSingletons(DefaultListableBeanFactory.java:772)
	at org.springframework.context.support.AbstractApplicationContext.finishBeanFactoryInitialization(AbstractApplicationContext.java:839)
	at org.springframework.context.support.AbstractApplicationContext.refresh(AbstractApplicationContext.java:538)
	at org.springframework.test.context.support.AbstractGenericContextLoader.loadContext(AbstractGenericContextLoader.java:125)
	at org.springframework.test.context.support.AbstractGenericContextLoader.loadContext(AbstractGenericContextLoader.java:60)
	at org.springframework.test.context.support.AbstractDelegatingSmartContextLoader.delegateLoading(AbstractDelegatingSmartContextLoader.java:109)
	at org.springframework.test.context.support.AbstractDelegatingSmartContextLoader.loadContext(AbstractDelegatingSmartContextLoader.java:261)
	at org.springframework.test.context.cache.DefaultCacheAwareContextLoaderDelegate.loadContextInternal(DefaultCacheAwareContextLoaderDelegate.java:98)
	at org.springframework.test.context.cache.DefaultCacheAwareContextLoaderDelegate.loadContext(DefaultCacheAwareContextLoaderDelegate.java:116)
	... 45 more
Caused by: org.springframework.beans.factory.BeanCreationException: Could not autowire field: private com.ruizton.main.cache.data.RealTimeDataService com.ruizton.main.auto.RealTimeData.realTimeDataService; nested exception is org.springframework.beans.factory.BeanCreationException: Error creating bean with name 'realTimeDataServiceImpl': Injection of autowired dependencies failed; nested exception is org.springframework.beans.factory.BeanCreationException: Could not autowire field: private com.ruizton.main.cache.data.impl.RealTimeEntrustDepthServiceImpl com.ruizton.main.cache.data.impl.RealTimeDataServiceImpl.realTimeEntrustDepthService; nested exception is org.springframework.beans.factory.BeanCreationException: Error creating bean with name 'realTimeEntrustDepthService': Injection of resource dependencies failed; nested exception is org.springframework.beans.factory.BeanCreationException: Error creating bean with name 'realTimeCenter': Invocation of init method failed; nested exception is com.alibaba.fastjson.JSONException: syntax error, expect {, actual [, pos 0
	at org.springframework.beans.factory.annotation.AutowiredAnnotationBeanPostProcessor$AutowiredFieldElement.inject(AutowiredAnnotationBeanPostProcessor.java:573)
	at org.springframework.beans.factory.annotation.InjectionMetadata.inject(InjectionMetadata.java:88)
	at org.springframework.beans.factory.annotation.AutowiredAnnotationBeanPostProcessor.postProcessPropertyValues(AutowiredAnnotationBeanPostProcessor.java:331)
	... 61 more
Caused by: org.springframework.beans.factory.BeanCreationException: Error creating bean with name 'realTimeDataServiceImpl': Injection of autowired dependencies failed; nested exception is org.springframework.beans.factory.BeanCreationException: Could not autowire field: private com.ruizton.main.cache.data.impl.RealTimeEntrustDepthServiceImpl com.ruizton.main.cache.data.impl.RealTimeDataServiceImpl.realTimeEntrustDepthService; nested exception is org.springframework.beans.factory.BeanCreationException: Error creating bean with name 'realTimeEntrustDepthService': Injection of resource dependencies failed; nested exception is org.springframework.beans.factory.BeanCreationException: Error creating bean with name 'realTimeCenter': Invocation of init method failed; nested exception is com.alibaba.fastjson.JSONException: syntax error, expect {, actual [, pos 0
	at org.springframework.beans.factory.annotation.AutowiredAnnotationBeanPostProcessor.postProcessPropertyValues(AutowiredAnnotationBeanPostProcessor.java:334)
	at org.springframework.beans.factory.support.AbstractAutowireCapableBeanFactory.populateBean(AbstractAutowireCapableBeanFactory.java:1214)
	at org.springframework.beans.factory.support.AbstractAutowireCapableBeanFactory.doCreateBean(AbstractAutowireCapableBeanFactory.java:543)
	at org.springframework.beans.factory.support.AbstractAutowireCapableBeanFactory.createBean(AbstractAutowireCapableBeanFactory.java:482)
	at org.springframework.beans.factory.support.AbstractBeanFactory$1.getObject(AbstractBeanFactory.java:306)
	at org.springframework.beans.factory.support.DefaultSingletonBeanRegistry.getSingleton(DefaultSingletonBeanRegistry.java:230)
	at org.springframework.beans.factory.support.AbstractBeanFactory.doGetBean(AbstractBeanFactory.java:302)
	at org.springframework.beans.factory.support.AbstractBeanFactory.getBean(AbstractBeanFactory.java:197)
	at org.springframework.beans.factory.support.DefaultListableBeanFactory.findAutowireCandidates(DefaultListableBeanFactory.java:1192)
	at org.springframework.beans.factory.support.DefaultListableBeanFactory.doResolveDependency(DefaultListableBeanFactory.java:1116)
	at org.springframework.beans.factory.support.DefaultListableBeanFactory.resolveDependency(DefaultListableBeanFactory.java:1014)
	at org.springframework.beans.factory.annotation.AutowiredAnnotationBeanPostProcessor$AutowiredFieldElement.inject(AutowiredAnnotationBeanPostProcessor.java:545)
	... 63 more
Caused by: org.springframework.beans.factory.BeanCreationException: Could not autowire field: private com.ruizton.main.cache.data.impl.RealTimeEntrustDepthServiceImpl com.ruizton.main.cache.data.impl.RealTimeDataServiceImpl.realTimeEntrustDepthService; nested exception is org.springframework.beans.factory.BeanCreationException: Error creating bean with name 'realTimeEntrustDepthService': Injection of resource dependencies failed; nested exception is org.springframework.beans.factory.BeanCreationException: Error creating bean with name 'realTimeCenter': Invocation of init method failed; nested exception is com.alibaba.fastjson.JSONException: syntax error, expect {, actual [, pos 0
	at org.springframework.beans.factory.annotation.AutowiredAnnotationBeanPostProcessor$AutowiredFieldElement.inject(AutowiredAnnotationBeanPostProcessor.java:573)
	at org.springframework.beans.factory.annotation.InjectionMetadata.inject(InjectionMetadata.java:88)
	at org.springframework.beans.factory.annotation.AutowiredAnnotationBeanPostProcessor.postProcessPropertyValues(AutowiredAnnotationBeanPostProcessor.java:331)
	... 74 more
Caused by: org.springframework.beans.factory.BeanCreationException: Error creating bean with name 'realTimeEntrustDepthService': Injection of resource dependencies failed; nested exception is org.springframework.beans.factory.BeanCreationException: Error creating bean with name 'realTimeCenter': Invocation of init method failed; nested exception is com.alibaba.fastjson.JSONException: syntax error, expect {, actual [, pos 0
	at org.springframework.context.annotation.CommonAnnotationBeanPostProcessor.postProcessPropertyValues(CommonAnnotationBeanPostProcessor.java:311)
	at org.springframework.beans.factory.support.AbstractAutowireCapableBeanFactory.populateBean(AbstractAutowireCapableBeanFactory.java:1214)
	at org.springframework.beans.factory.support.AbstractAutowireCapableBeanFactory.doCreateBean(AbstractAutowireCapableBeanFactory.java:543)
	at org.springframework.beans.factory.support.AbstractAutowireCapableBeanFactory.createBean(AbstractAutowireCapableBeanFactory.java:482)
	at org.springframework.beans.factory.support.AbstractBeanFactory$1.getObject(AbstractBeanFactory.java:306)
	at org.springframework.beans.factory.support.DefaultSingletonBeanRegistry.getSingleton(DefaultSingletonBeanRegistry.java:230)
	at org.springframework.beans.factory.support.AbstractBeanFactory.doGetBean(AbstractBeanFactory.java:302)
	at org.springframework.beans.factory.support.AbstractBeanFactory.getBean(AbstractBeanFactory.java:197)
	at org.springframework.beans.factory.support.DefaultListableBeanFactory.findAutowireCandidates(DefaultListableBeanFactory.java:1192)
	at org.springframework.beans.factory.support.DefaultListableBeanFactory.doResolveDependency(DefaultListableBeanFactory.java:1116)
	at org.springframework.beans.factory.support.DefaultListableBeanFactory.resolveDependency(DefaultListableBeanFactory.java:1014)
	at org.springframework.beans.factory.annotation.AutowiredAnnotationBeanPostProcessor$AutowiredFieldElement.inject(AutowiredAnnotationBeanPostProcessor.java:545)
	... 76 more
Caused by: org.springframework.beans.factory.BeanCreationException: Error creating bean with name 'realTimeCenter': Invocation of init method failed; nested exception is com.alibaba.fastjson.JSONException: syntax error, expect {, actual [, pos 0
	at org.springframework.beans.factory.annotation.InitDestroyAnnotationBeanPostProcessor.postProcessBeforeInitialization(InitDestroyAnnotationBeanPostProcessor.java:136)
	at org.springframework.beans.factory.support.AbstractAutowireCapableBeanFactory.applyBeanPostProcessorsBeforeInitialization(AbstractAutowireCapableBeanFactory.java:408)
	at org.springframework.beans.factory.support.AbstractAutowireCapableBeanFactory.initializeBean(AbstractAutowireCapableBeanFactory.java:1570)
	at org.springframework.beans.factory.support.AbstractAutowireCapableBeanFactory.doCreateBean(AbstractAutowireCapableBeanFactory.java:545)
	at org.springframework.beans.factory.support.AbstractAutowireCapableBeanFactory.createBean(AbstractAutowireCapableBeanFactory.java:482)
	at org.springframework.beans.factory.support.AbstractBeanFactory$1.getObject(AbstractBeanFactory.java:306)
	at org.springframework.beans.factory.support.DefaultSingletonBeanRegistry.getSingleton(DefaultSingletonBeanRegistry.java:230)
	at org.springframework.beans.factory.support.AbstractBeanFactory.doGetBean(AbstractBeanFactory.java:302)
	at org.springframework.beans.factory.support.AbstractBeanFactory.getBean(AbstractBeanFactory.java:202)
	at org.springframework.context.annotation.CommonAnnotationBeanPostProcessor.autowireResource(CommonAnnotationBeanPostProcessor.java:512)
	at org.springframework.context.annotation.CommonAnnotationBeanPostProcessor.getResource(CommonAnnotationBeanPostProcessor.java:486)
	at org.springframework.context.annotation.CommonAnnotationBeanPostProcessor$ResourceElement.getResourceToInject(CommonAnnotationBeanPostProcessor.java:615)
	at org.springframework.beans.factory.annotation.InjectionMetadata$InjectedElement.inject(InjectionMetadata.java:169)
	at org.springframework.beans.factory.annotation.InjectionMetadata.inject(InjectionMetadata.java:88)
	at org.springframework.context.annotation.CommonAnnotationBeanPostProcessor.postProcessPropertyValues(CommonAnnotationBeanPostProcessor.java:308)
	... 87 more
Caused by: com.alibaba.fastjson.JSONException: syntax error, expect {, actual [, pos 0
	at com.alibaba.fastjson.parser.deserializer.JavaBeanDeserializer.deserialze(JavaBeanDeserializer.java:233)
	at com.alibaba.fastjson.parser.deserializer.ASMJavaBeanDeserializer.parseRest(ASMJavaBeanDeserializer.java:101)
	at Fastjson_ASM_FentrustData_14.deserialze(Unknown Source)
	at com.alibaba.fastjson.parser.DefaultJSONParser.parseArray(DefaultJSONParser.java:640)
	at com.alibaba.fastjson.parser.deserializer.ArrayDeserializer.deserialze(ArrayDeserializer.java:69)
	at com.alibaba.fastjson.parser.DefaultJSONParser.parseObject(DefaultJSONParser.java:556)
	at com.alibaba.fastjson.JSON.parseObject(JSON.java:294)
	at com.alibaba.fastjson.JSON.parseObject(JSON.java:279)
	at com.alibaba.fastjson.JSON.parseObject(JSON.java:262)
	at com.ruizton.main.cache.data.RealTimeCenter.getDepthEntrust(RealTimeCenter.java:212)
	at com.ruizton.main.cache.data.RealTimeCenter.syncDepthEntrust(RealTimeCenter.java:201)
	at com.ruizton.main.cache.data.RealTimeCenter.fetchFromRedis(RealTimeCenter.java:146)
	at com.ruizton.main.cache.data.RealTimeCenter.init(RealTimeCenter.java:73)
	at sun.reflect.NativeMethodAccessorImpl.invoke0(Native Method)
	at sun.reflect.NativeMethodAccessorImpl.invoke(NativeMethodAccessorImpl.java:62)
	at sun.reflect.DelegatingMethodAccessorImpl.invoke(DelegatingMethodAccessorImpl.java:43)
	at java.lang.reflect.Method.invoke(Method.java:498)
	at org.springframework.beans.factory.annotation.InitDestroyAnnotationBeanPostProcessor$LifecycleElement.invoke(InitDestroyAnnotationBeanPostProcessor.java:354)
	at org.springframework.beans.factory.annotation.InitDestroyAnnotationBeanPostProcessor$LifecycleMetadata.invokeInitMethods(InitDestroyAnnotationBeanPostProcessor.java:305)
	at org.springframework.beans.factory.annotation.InitDestroyAnnotationBeanPostProcessor.postProcessBeforeInitialization(InitDestroyAnnotationBeanPostProcessor.java:133)
	... 101 more
